2023-11-01 12-08-39.164 [INFO] com.example.employee.EmployeeApplication [main] Starting EmployeeApplication using Java 17.0.8 with PID 3480 (C:\Users\Sreenivas Bandaru\Desktop\spring boot\employee\target\classes started by Sreenivas Bandaru in C:\Users\Sreenivas Bandaru\Desktop\spring boot\employee)
2023-11-01 12-08-39.165 [DEBUG] com.example.employee.EmployeeApplication [main] Running with Spring Boot v3.1.4, Spring v6.0.12
2023-11-01 12-08-39.167 [INFO] com.example.employee.EmployeeApplication [main] No active profile set, falling back to 1 default profile: "default"
2023-11-01 12-08-40.118 [INFO] org.springframework.data.repository.config.RepositoryConfigurationDelegate [main] Bootstrapping Spring Data JPA repositories in DEFAULT mode.
2023-11-01 12-08-40.308 [INFO] org.springframework.data.repository.config.RepositoryConfigurationDelegate [main] Finished Spring Data repository scanning in 174 ms. Found 4 JPA repository interfaces.
2023-11-01 12-08-40.621 [INFO] org.springframework.cloud.context.scope.GenericScope [main] BeanFactory id=7e189398-462f-3743-b774-4bf4e850779f
2023-11-01 12-08-41.150 [INFO] org.springframework.boot.web.embedded.tomcat.TomcatWebServer [main] Tomcat initialized with port(s): 8082 (http)
2023-11-01 12-08-41.161 [INFO] org.apache.catalina.core.StandardService [main] Starting service [Tomcat]
2023-11-01 12-08-41.161 [INFO] org.apache.catalina.core.StandardEngine [main] Starting Servlet engine: [Apache Tomcat/10.1.13]
2023-11-01 12-08-41.276 [INFO] org.apache.catalina.core.ContainerBase.[Tomcat].[localhost].[/] [main] Initializing Spring embedded WebApplicationContext
2023-11-01 12-08-41.277 [INFO] org.springframework.boot.web.servlet.context.ServletWebServerApplicationContext [main] Root WebApplicationContext: initialization completed in 2043 ms
2023-11-01 12-08-41.337 [DEBUG] com.example.employee.Security.JwtAuthenticationFilter [main] Filter 'jwtAuthenticationFilter' configured for use
2023-11-01 12-08-41.498 [INFO] org.hibernate.jpa.internal.util.LogHelper [main] HHH000204: Processing PersistenceUnitInfo [name: default]
2023-11-01 12-08-41.553 [INFO] org.hibernate.Version [main] HHH000412: Hibernate ORM core version 6.2.9.Final
2023-11-01 12-08-41.556 [INFO] org.hibernate.cfg.Environment [main] HHH000406: Using bytecode reflection optimizer
2023-11-01 12-08-41.732 [INFO] org.hibernate.bytecode.internal.BytecodeProviderInitiator [main] HHH000021: Bytecode provider name : bytebuddy
2023-11-01 12-08-41.875 [INFO] org.springframework.orm.jpa.persistenceunit.SpringPersistenceUnitInfo [main] No LoadTimeWeaver setup: ignoring JPA class transformer
2023-11-01 12-08-41.901 [INFO] com.zaxxer.hikari.HikariDataSource [main] HikariPool-1 - Starting...
2023-11-01 12-08-42.197 [INFO] com.zaxxer.hikari.pool.HikariPool [main] HikariPool-1 - Added connection com.mysql.cj.jdbc.ConnectionImpl@36e3321e
2023-11-01 12-08-42.204 [INFO] com.zaxxer.hikari.HikariDataSource [main] HikariPool-1 - Start completed.
2023-11-01 12-08-42.617 [INFO] org.hibernate.bytecode.internal.BytecodeProviderInitiator [main] HHH000021: Bytecode provider name : bytebuddy
2023-11-01 12-08-43.393 [INFO] org.hibernate.engine.transaction.jta.platform.internal.JtaPlatformInitiator [main] HHH000490: Using JtaPlatform implementation: [org.hibernate.engine.transaction.jta.platform.internal.NoJtaPlatform]
2023-11-01 12-08-43.505 [INFO] org.springframework.orm.jpa.LocalContainerEntityManagerFactoryBean [main] Initialized JPA EntityManagerFactory for persistence unit 'default'
2023-11-01 12-08-43.831 [INFO] org.springframework.data.jpa.repository.query.QueryEnhancerFactory [main] Hibernate is in classpath; If applicable, HQL parser will be used.
2023-11-01 12-08-44.082 [WARN] org.springframework.boot.autoconfigure.orm.jpa.JpaBaseConfiguration$JpaWebConfiguration [main] spring.jpa.open-in-view is enabled by default. Therefore, database queries may be performed during view rendering. Explicitly configure spring.jpa.open-in-view to disable this warning
2023-11-01 12-08-44.137 [WARN] org.springframework.boot.autoconfigure.security.servlet.UserDetailsServiceAutoConfiguration [main] 

Using generated security password: 478f97be-57e8-4f22-8931-5d20092dd5fb

This generated password is for development use only. Your security configuration must be updated before running your application in production.

2023-11-01 12-08-44.464 [INFO] org.springframework.security.web.DefaultSecurityFilterChain [main] Will secure any request with [org.springframework.security.web.session.DisableEncodeUrlFilter@2dedde74, org.springframework.security.web.context.request.async.WebAsyncManagerIntegrationFilter@22b2d9e3, org.springframework.security.web.context.SecurityContextHolderFilter@770be0d0, org.springframework.security.web.header.HeaderWriterFilter@1315f1d5, org.springframework.security.web.authentication.logout.LogoutFilter@29897daf, com.example.employee.Security.JwtAuthenticationFilter@7c5df615, org.springframework.security.web.savedrequest.RequestCacheAwareFilter@5b5f06bb, org.springframework.security.web.servletapi.SecurityContextHolderAwareRequestFilter@54519d74, org.springframework.security.web.authentication.AnonymousAuthenticationFilter@43600de0, org.springframework.security.web.session.SessionManagementFilter@39d44217, org.springframework.security.web.access.ExceptionTranslationFilter@234dfc8e, org.springframework.security.web.access.intercept.AuthorizationFilter@374712f8]
2023-11-01 12-08-44.784 [INFO] org.springframework.cloud.netflix.eureka.config.DiscoveryClientOptionalArgsConfiguration [main] Eureka HTTP Client uses RestTemplate.
2023-11-01 12-08-44.897 [WARN] org.springframework.cloud.loadbalancer.config.LoadBalancerCacheAutoConfiguration$LoadBalancerCaffeineWarnLogger [main] Spring Cloud LoadBalancer is currently working with the default cache. While this cache implementation is useful for development and tests, it's recommended to use Caffeine cache in production.You can switch to using Caffeine cache, by adding it and org.springframework.cache.caffeine.CaffeineCacheManager to the classpath.
2023-11-01 12-08-44.923 [INFO] org.springframework.cloud.netflix.eureka.InstanceInfoFactory [main] Setting initial instance status as: STARTING
2023-11-01 12-08-45.013 [INFO] com.netflix.discovery.DiscoveryClient [main] Initializing Eureka in region us-east-1
2023-11-01 12-08-45.019 [INFO] com.netflix.discovery.shared.resolver.aws.ConfigClusterResolver [main] Resolving eureka endpoints via configuration
2023-11-01 12-08-45.042 [INFO] com.netflix.discovery.DiscoveryClient [main] Disable delta property : false
2023-11-01 12-08-45.042 [INFO] com.netflix.discovery.DiscoveryClient [main] Single vip registry refresh property : null
2023-11-01 12-08-45.042 [INFO] com.netflix.discovery.DiscoveryClient [main] Force full registry fetch : false
2023-11-01 12-08-45.042 [INFO] com.netflix.discovery.DiscoveryClient [main] Application is null : false
2023-11-01 12-08-45.042 [INFO] com.netflix.discovery.DiscoveryClient [main] Registered Applications size is zero : true
2023-11-01 12-08-45.044 [INFO] com.netflix.discovery.DiscoveryClient [main] Application version is -1: true
2023-11-01 12-08-45.044 [INFO] com.netflix.discovery.DiscoveryClient [main] Getting all instance registry info from the eureka server
2023-11-01 12-08-45.407 [INFO] com.netflix.discovery.DiscoveryClient [main] The response status is 200
2023-11-01 12-08-45.410 [INFO] com.netflix.discovery.DiscoveryClient [main] Starting heartbeat executor: renew interval is: 30
2023-11-01 12-08-45.413 [INFO] com.netflix.discovery.InstanceInfoReplicator [main] InstanceInfoReplicator onDemand update allowed rate per min is 4
2023-11-01 12-08-45.418 [INFO] com.netflix.discovery.DiscoveryClient [main] Discovery Client initialized at timestamp 1698820725417 with initial instances count: 5
2023-11-01 12-08-45.426 [INFO] org.springframework.cloud.netflix.eureka.serviceregistry.EurekaServiceRegistry [main] Registering application EMPLOYEE-SERVICE with eureka with status UP
2023-11-01 12-08-45.426 [INFO] com.netflix.discovery.DiscoveryClient [main] Saw local status change event StatusChangeEvent [timestamp=1698820725426, current=UP, previous=STARTING]
2023-11-01 12-08-45.431 [INFO] com.netflix.discovery.DiscoveryClient [DiscoveryClient-InstanceInfoReplicator-0] DiscoveryClient_EMPLOYEE-SERVICE/192.168.2.58:employee-service:8082: registering service...
2023-11-01 12-08-45.485 [INFO] com.netflix.discovery.DiscoveryClient [DiscoveryClient-InstanceInfoReplicator-0] DiscoveryClient_EMPLOYEE-SERVICE/192.168.2.58:employee-service:8082 - registration status: 204
2023-11-01 12-08-45.501 [INFO] org.springframework.boot.web.embedded.tomcat.TomcatWebServer [main] Tomcat started on port(s): 8082 (http) with context path ''
2023-11-01 12-08-45.503 [INFO] org.springframework.cloud.netflix.eureka.serviceregistry.EurekaAutoServiceRegistration [main] Updating port to 8082
2023-11-01 12-08-45.544 [INFO] com.example.employee.EmployeeApplication [main] Started EmployeeApplication in 6.995 seconds (process running for 7.505)
2023-11-01 12-13-45.846 [INFO] com.netflix.discovery.shared.resolver.aws.ConfigClusterResolver [AsyncResolver-bootstrap-executor-0] Resolving eureka endpoints via configuration
2023-11-01 12-18-46.644 [INFO] com.netflix.discovery.shared.resolver.aws.ConfigClusterResolver [AsyncResolver-bootstrap-executor-0] Resolving eureka endpoints via configuration
2023-11-01 12-23-48.023 [INFO] com.netflix.discovery.shared.resolver.aws.ConfigClusterResolver [AsyncResolver-bootstrap-executor-0] Resolving eureka endpoints via configuration
2023-11-01 12-28-47.840 [INFO] com.netflix.discovery.shared.resolver.aws.ConfigClusterResolver [AsyncResolver-bootstrap-executor-0] Resolving eureka endpoints via configuration
2023-11-01 12-33-48.628 [INFO] com.netflix.discovery.shared.resolver.aws.ConfigClusterResolver [AsyncResolver-bootstrap-executor-0] Resolving eureka endpoints via configuration
2023-11-01 12-38-48.809 [INFO] com.netflix.discovery.shared.resolver.aws.ConfigClusterResolver [AsyncResolver-bootstrap-executor-0] Resolving eureka endpoints via configuration
2023-11-01 12-43-49.831 [INFO] com.netflix.discovery.shared.resolver.aws.ConfigClusterResolver [AsyncResolver-bootstrap-executor-0] Resolving eureka endpoints via configuration
2023-11-01 12-48-29.716 [INFO] org.apache.catalina.core.ContainerBase.[Tomcat].[localhost].[/] [http-nio-8082-exec-1] Initializing Spring DispatcherServlet 'dispatcherServlet'
2023-11-01 12-48-29.723 [INFO] org.springframework.web.servlet.DispatcherServlet [http-nio-8082-exec-1] Initializing Servlet 'dispatcherServlet'
2023-11-01 12-48-29.743 [INFO] org.springframework.web.servlet.DispatcherServlet [http-nio-8082-exec-1] Completed initialization in 19 ms
2023-11-01 12-48-29.763 [INFO] com.example.employee.Security.JwtAuthenticationFilter [http-nio-8082-exec-1] Token is Valid 
2023-11-01 12-48-30.114 [INFO] com.example.employee.Controllers.EmpController [http-nio-8082-exec-1] employee mail -----> manager1@gmail.com
2023-11-01 12-48-50.624 [INFO] com.netflix.discovery.shared.resolver.aws.ConfigClusterResolver [AsyncResolver-bootstrap-executor-0] Resolving eureka endpoints via configuration
2023-11-01 12-53-51.426 [INFO] com.netflix.discovery.shared.resolver.aws.ConfigClusterResolver [AsyncResolver-bootstrap-executor-0] Resolving eureka endpoints via configuration
2023-11-01 12-58-52.258 [INFO] com.netflix.discovery.shared.resolver.aws.ConfigClusterResolver [AsyncResolver-bootstrap-executor-0] Resolving eureka endpoints via configuration
2023-11-01 13-03-52.927 [INFO] com.netflix.discovery.shared.resolver.aws.ConfigClusterResolver [AsyncResolver-bootstrap-executor-0] Resolving eureka endpoints via configuration
2023-11-01 13-08-53.714 [INFO] com.netflix.discovery.shared.resolver.aws.ConfigClusterResolver [AsyncResolver-bootstrap-executor-0] Resolving eureka endpoints via configuration
2023-11-01 13-13-54.161 [INFO] com.netflix.discovery.shared.resolver.aws.ConfigClusterResolver [AsyncResolver-bootstrap-executor-0] Resolving eureka endpoints via configuration
2023-11-01 13-18-55.538 [INFO] com.netflix.discovery.shared.resolver.aws.ConfigClusterResolver [AsyncResolver-bootstrap-executor-0] Resolving eureka endpoints via configuration
2023-11-01 13-23-56.547 [INFO] com.netflix.discovery.shared.resolver.aws.ConfigClusterResolver [AsyncResolver-bootstrap-executor-0] Resolving eureka endpoints via configuration
2023-11-01 13-28-57.949 [INFO] com.netflix.discovery.shared.resolver.aws.ConfigClusterResolver [AsyncResolver-bootstrap-executor-0] Resolving eureka endpoints via configuration
2023-11-01 13-33-58.443 [INFO] com.netflix.discovery.shared.resolver.aws.ConfigClusterResolver [AsyncResolver-bootstrap-executor-0] Resolving eureka endpoints via configuration
2023-11-01 13-38-59.148 [INFO] com.netflix.discovery.shared.resolver.aws.ConfigClusterResolver [AsyncResolver-bootstrap-executor-0] Resolving eureka endpoints via configuration
2023-11-01 13-43-59.940 [INFO] com.netflix.discovery.shared.resolver.aws.ConfigClusterResolver [AsyncResolver-bootstrap-executor-0] Resolving eureka endpoints via configuration
2023-11-01 13-49-01.213 [INFO] com.netflix.discovery.shared.resolver.aws.ConfigClusterResolver [AsyncResolver-bootstrap-executor-0] Resolving eureka endpoints via configuration
2023-11-01 13-54-01.137 [INFO] com.netflix.discovery.shared.resolver.aws.ConfigClusterResolver [AsyncResolver-bootstrap-executor-0] Resolving eureka endpoints via configuration
2023-11-01 13-57-31.495 [INFO] com.example.employee.Security.JwtAuthenticationFilter [http-nio-8082-exec-3] Token is Valid 
2023-11-01 13-57-31.509 [INFO] com.example.employee.Controllers.EmpController [http-nio-8082-exec-3] employee mail -----> hr1@gmail.com
2023-11-01 13-57-31.522 [INFO] com.example.employee.Security.JwtAuthenticationFilter [http-nio-8082-exec-4] Token is Valid 
2023-11-01 13-57-31.531 [INFO] com.example.employee.Controllers.EmpController [http-nio-8082-exec-4] employee mail -----> hr1@gmail.com
2023-11-01 13-59-01.938 [INFO] com.netflix.discovery.shared.resolver.aws.ConfigClusterResolver [AsyncResolver-bootstrap-executor-0] Resolving eureka endpoints via configuration
2023-11-01 13-59-08.098 [INFO] com.example.employee.Security.JwtAuthenticationFilter [http-nio-8082-exec-6] Token is Valid 
2023-11-01 13-59-08.108 [INFO] com.example.employee.Controllers.EmpController [http-nio-8082-exec-6] employee mail -----> emp1@gmail.com
2023-11-01 13-59-08.113 [INFO] com.example.employee.Security.JwtAuthenticationFilter [http-nio-8082-exec-7] Token is Valid 
2023-11-01 13-59-08.120 [INFO] com.example.employee.Controllers.EmpController [http-nio-8082-exec-7] employee mail -----> emp1@gmail.com
2023-11-01 13-59-48.425 [INFO] org.springframework.cloud.netflix.eureka.serviceregistry.EurekaServiceRegistry [SpringApplicationShutdownHook] Unregistering application EMPLOYEE-SERVICE with eureka with status DOWN
2023-11-01 13-59-48.450 [INFO] com.netflix.discovery.DiscoveryClient [SpringApplicationShutdownHook] Saw local status change event StatusChangeEvent [timestamp=1698827388450, current=DOWN, previous=UP]
2023-11-01 13-59-48.451 [INFO] com.netflix.discovery.DiscoveryClient [DiscoveryClient-InstanceInfoReplicator-0] DiscoveryClient_EMPLOYEE-SERVICE/192.168.2.58:employee-service:8082: registering service...
2023-11-01 13-59-48.473 [INFO] com.netflix.discovery.DiscoveryClient [DiscoveryClient-InstanceInfoReplicator-0] DiscoveryClient_EMPLOYEE-SERVICE/192.168.2.58:employee-service:8082 - registration status: 204
2023-11-01 13-59-48.582 [INFO] org.springframework.orm.jpa.LocalContainerEntityManagerFactoryBean [SpringApplicationShutdownHook] Closing JPA EntityManagerFactory for persistence unit 'default'
2023-11-01 13-59-48.588 [INFO] com.zaxxer.hikari.HikariDataSource [SpringApplicationShutdownHook] HikariPool-1 - Shutdown initiated...
2023-11-01 13-59-48.605 [INFO] com.zaxxer.hikari.HikariDataSource [SpringApplicationShutdownHook] HikariPool-1 - Shutdown completed.
2023-11-01 13-59-48.606 [INFO] com.netflix.discovery.DiscoveryClient [SpringApplicationShutdownHook] Shutting down DiscoveryClient ...
2023-11-01 13-59-51.623 [INFO] com.netflix.discovery.DiscoveryClient [SpringApplicationShutdownHook] Unregistering ...
2023-11-01 13-59-51.633 [INFO] com.netflix.discovery.DiscoveryClient [SpringApplicationShutdownHook] DiscoveryClient_EMPLOYEE-SERVICE/192.168.2.58:employee-service:8082 - deregister  status: 200
2023-11-01 13-59-51.673 [INFO] com.netflix.discovery.DiscoveryClient [SpringApplicationShutdownHook] Completed shut down of DiscoveryClient
2023-11-01 13-59-59.530 [INFO] com.example.employee.EmployeeApplication [main] Starting EmployeeApplication using Java 17.0.8 with PID 8952 (C:\Users\Sreenivas Bandaru\Desktop\spring boot\employee\target\classes started by Sreenivas Bandaru in C:\Users\Sreenivas Bandaru\Desktop\spring boot\employee)
2023-11-01 13-59-59.533 [DEBUG] com.example.employee.EmployeeApplication [main] Running with Spring Boot v3.1.4, Spring v6.0.12
2023-11-01 13-59-59.534 [INFO] com.example.employee.EmployeeApplication [main] No active profile set, falling back to 1 default profile: "default"
2023-11-01 14-00-00.614 [INFO] org.springframework.data.repository.config.RepositoryConfigurationDelegate [main] Bootstrapping Spring Data JPA repositories in DEFAULT mode.
2023-11-01 14-00-00.811 [INFO] org.springframework.data.repository.config.RepositoryConfigurationDelegate [main] Finished Spring Data repository scanning in 181 ms. Found 4 JPA repository interfaces.
2023-11-01 14-00-01.226 [INFO] org.springframework.cloud.context.scope.GenericScope [main] BeanFactory id=7e189398-462f-3743-b774-4bf4e850779f
2023-11-01 14-00-01.864 [INFO] org.springframework.boot.web.embedded.tomcat.TomcatWebServer [main] Tomcat initialized with port(s): 8082 (http)
2023-11-01 14-00-01.875 [INFO] org.apache.catalina.core.StandardService [main] Starting service [Tomcat]
2023-11-01 14-00-01.876 [INFO] org.apache.catalina.core.StandardEngine [main] Starting Servlet engine: [Apache Tomcat/10.1.13]
2023-11-01 14-00-02.141 [INFO] org.apache.catalina.core.ContainerBase.[Tomcat].[localhost].[/] [main] Initializing Spring embedded WebApplicationContext
2023-11-01 14-00-02.142 [INFO] org.springframework.boot.web.servlet.context.ServletWebServerApplicationContext [main] Root WebApplicationContext: initialization completed in 2536 ms
2023-11-01 14-00-02.203 [DEBUG] com.example.employee.Security.JwtAuthenticationFilter [main] Filter 'jwtAuthenticationFilter' configured for use
2023-11-01 14-00-02.403 [INFO] org.hibernate.jpa.internal.util.LogHelper [main] HHH000204: Processing PersistenceUnitInfo [name: default]
2023-11-01 14-00-02.482 [INFO] org.hibernate.Version [main] HHH000412: Hibernate ORM core version 6.2.9.Final
2023-11-01 14-00-02.485 [INFO] org.hibernate.cfg.Environment [main] HHH000406: Using bytecode reflection optimizer
2023-11-01 14-00-02.661 [INFO] org.hibernate.bytecode.internal.BytecodeProviderInitiator [main] HHH000021: Bytecode provider name : bytebuddy
2023-11-01 14-00-02.879 [INFO] org.springframework.orm.jpa.persistenceunit.SpringPersistenceUnitInfo [main] No LoadTimeWeaver setup: ignoring JPA class transformer
2023-11-01 14-00-02.912 [INFO] com.zaxxer.hikari.HikariDataSource [main] HikariPool-1 - Starting...
2023-11-01 14-00-03.311 [INFO] com.zaxxer.hikari.pool.HikariPool [main] HikariPool-1 - Added connection com.mysql.cj.jdbc.ConnectionImpl@4ede035e
2023-11-01 14-00-03.314 [INFO] com.zaxxer.hikari.HikariDataSource [main] HikariPool-1 - Start completed.
2023-11-01 14-00-03.773 [INFO] org.hibernate.bytecode.internal.BytecodeProviderInitiator [main] HHH000021: Bytecode provider name : bytebuddy
2023-11-01 14-00-04.509 [INFO] org.hibernate.engine.transaction.jta.platform.internal.JtaPlatformInitiator [main] HHH000490: Using JtaPlatform implementation: [org.hibernate.engine.transaction.jta.platform.internal.NoJtaPlatform]
2023-11-01 14-00-04.638 [INFO] org.springframework.orm.jpa.LocalContainerEntityManagerFactoryBean [main] Initialized JPA EntityManagerFactory for persistence unit 'default'
2023-11-01 14-00-05.007 [INFO] org.springframework.data.jpa.repository.query.QueryEnhancerFactory [main] Hibernate is in classpath; If applicable, HQL parser will be used.
2023-11-01 14-00-05.286 [WARN] org.springframework.boot.autoconfigure.orm.jpa.JpaBaseConfiguration$JpaWebConfiguration [main] spring.jpa.open-in-view is enabled by default. Therefore, database queries may be performed during view rendering. Explicitly configure spring.jpa.open-in-view to disable this warning
2023-11-01 14-00-05.342 [WARN] org.springframework.boot.autoconfigure.security.servlet.UserDetailsServiceAutoConfiguration [main] 

Using generated security password: 0b61f64a-a2af-4a08-be9f-09bdd6fb0718

This generated password is for development use only. Your security configuration must be updated before running your application in production.

2023-11-01 14-00-05.693 [INFO] org.springframework.security.web.DefaultSecurityFilterChain [main] Will secure any request with [org.springframework.security.web.session.DisableEncodeUrlFilter@2e5ff1d4, org.springframework.security.web.context.request.async.WebAsyncManagerIntegrationFilter@1a16583d, org.springframework.security.web.context.SecurityContextHolderFilter@54519d74, org.springframework.security.web.header.HeaderWriterFilter@5fa0943d, org.springframework.security.web.authentication.logout.LogoutFilter@4b19ee18, com.example.employee.Security.JwtAuthenticationFilter@7f0a133d, org.springframework.security.web.savedrequest.RequestCacheAwareFilter@3d00c2ae, org.springframework.security.web.servletapi.SecurityContextHolderAwareRequestFilter@3eb7ff78, org.springframework.security.web.authentication.AnonymousAuthenticationFilter@59da4992, org.springframework.security.web.session.SessionManagementFilter@6c54d0dc, org.springframework.security.web.access.ExceptionTranslationFilter@77d7d2d0, org.springframework.security.web.access.intercept.AuthorizationFilter@22b2d9e3]
2023-11-01 14-00-06.115 [INFO] org.springframework.cloud.netflix.eureka.config.DiscoveryClientOptionalArgsConfiguration [main] Eureka HTTP Client uses RestTemplate.
2023-11-01 14-00-06.212 [WARN] org.springframework.cloud.loadbalancer.config.LoadBalancerCacheAutoConfiguration$LoadBalancerCaffeineWarnLogger [main] Spring Cloud LoadBalancer is currently working with the default cache. While this cache implementation is useful for development and tests, it's recommended to use Caffeine cache in production.You can switch to using Caffeine cache, by adding it and org.springframework.cache.caffeine.CaffeineCacheManager to the classpath.
2023-11-01 14-00-06.237 [INFO] org.springframework.cloud.netflix.eureka.InstanceInfoFactory [main] Setting initial instance status as: STARTING
2023-11-01 14-00-06.312 [INFO] com.netflix.discovery.DiscoveryClient [main] Initializing Eureka in region us-east-1
2023-11-01 14-00-06.317 [INFO] com.netflix.discovery.shared.resolver.aws.ConfigClusterResolver [main] Resolving eureka endpoints via configuration
2023-11-01 14-00-06.349 [INFO] com.netflix.discovery.DiscoveryClient [main] Disable delta property : false
2023-11-01 14-00-06.350 [INFO] com.netflix.discovery.DiscoveryClient [main] Single vip registry refresh property : null
2023-11-01 14-00-06.350 [INFO] com.netflix.discovery.DiscoveryClient [main] Force full registry fetch : false
2023-11-01 14-00-06.350 [INFO] com.netflix.discovery.DiscoveryClient [main] Application is null : false
2023-11-01 14-00-06.350 [INFO] com.netflix.discovery.DiscoveryClient [main] Registered Applications size is zero : true
2023-11-01 14-00-06.352 [INFO] com.netflix.discovery.DiscoveryClient [main] Application version is -1: true
2023-11-01 14-00-06.352 [INFO] com.netflix.discovery.DiscoveryClient [main] Getting all instance registry info from the eureka server
2023-11-01 14-00-06.746 [INFO] com.netflix.discovery.DiscoveryClient [main] The response status is 200
2023-11-01 14-00-06.753 [INFO] com.netflix.discovery.DiscoveryClient [main] Starting heartbeat executor: renew interval is: 30
2023-11-01 14-00-06.756 [INFO] com.netflix.discovery.InstanceInfoReplicator [main] InstanceInfoReplicator onDemand update allowed rate per min is 4
2023-11-01 14-00-06.762 [INFO] com.netflix.discovery.DiscoveryClient [main] Discovery Client initialized at timestamp 1698827406761 with initial instances count: 6
2023-11-01 14-00-06.771 [INFO] org.springframework.cloud.netflix.eureka.serviceregistry.EurekaServiceRegistry [main] Registering application EMPLOYEE-SERVICE with eureka with status UP
2023-11-01 14-00-06.771 [INFO] com.netflix.discovery.DiscoveryClient [main] Saw local status change event StatusChangeEvent [timestamp=1698827406771, current=UP, previous=STARTING]
2023-11-01 14-00-06.772 [INFO] com.netflix.discovery.DiscoveryClient [DiscoveryClient-InstanceInfoReplicator-0] DiscoveryClient_EMPLOYEE-SERVICE/192.168.2.58:employee-service:8082: registering service...
2023-11-01 14-00-06.802 [INFO] org.springframework.boot.web.embedded.tomcat.TomcatWebServer [main] Tomcat started on port(s): 8082 (http) with context path ''
2023-11-01 14-00-06.803 [INFO] org.springframework.cloud.netflix.eureka.serviceregistry.EurekaAutoServiceRegistration [main] Updating port to 8082
2023-11-01 14-00-06.815 [INFO] com.netflix.discovery.DiscoveryClient [DiscoveryClient-InstanceInfoReplicator-0] DiscoveryClient_EMPLOYEE-SERVICE/192.168.2.58:employee-service:8082 - registration status: 204
2023-11-01 14-00-06.858 [INFO] com.example.employee.EmployeeApplication [main] Started EmployeeApplication in 8.061 seconds (process running for 8.571)
2023-11-01 14-01-06.208 [INFO] org.apache.catalina.core.ContainerBase.[Tomcat].[localhost].[/] [http-nio-8082-exec-1] Initializing Spring DispatcherServlet 'dispatcherServlet'
2023-11-01 14-01-06.210 [INFO] org.springframework.web.servlet.DispatcherServlet [http-nio-8082-exec-1] Initializing Servlet 'dispatcherServlet'
2023-11-01 14-01-06.213 [INFO] org.springframework.web.servlet.DispatcherServlet [http-nio-8082-exec-1] Completed initialization in 2 ms
2023-11-01 14-01-06.231 [INFO] com.example.employee.Security.JwtAuthenticationFilter [http-nio-8082-exec-1] Token is Valid 
2023-11-01 14-01-06.575 [INFO] com.example.employee.Controllers.EmpController [http-nio-8082-exec-1] employee mail -----> emp1@gmail.com
2023-11-01 14-01-06.597 [INFO] com.example.employee.Security.JwtAuthenticationFilter [http-nio-8082-exec-2] Token is Valid 
2023-11-01 14-01-06.606 [INFO] com.example.employee.Controllers.EmpController [http-nio-8082-exec-2] employee mail -----> emp1@gmail.com
2023-11-01 14-02-30.799 [INFO] com.example.employee.Security.JwtAuthenticationFilter [http-nio-8082-exec-4] Token is Valid 
2023-11-01 14-02-30.815 [INFO] com.example.employee.Controllers.EmpController [http-nio-8082-exec-4] employee mail -----> emp1@gmail.com
2023-11-01 14-02-30.834 [INFO] com.example.employee.Security.JwtAuthenticationFilter [http-nio-8082-exec-4] Token is Valid 
2023-11-01 14-02-30.845 [INFO] com.example.employee.Controllers.EmpController [http-nio-8082-exec-4] employee mail -----> emp1@gmail.com
2023-11-01 14-02-31.376 [INFO] com.example.employee.Security.JwtAuthenticationFilter [http-nio-8082-exec-5] Token is Valid 
2023-11-01 14-02-31.393 [INFO] com.example.employee.Controllers.EmpController [http-nio-8082-exec-5] employee mail -----> manager1@gmail.com
2023-11-01 14-05-07.146 [INFO] com.netflix.discovery.shared.resolver.aws.ConfigClusterResolver [AsyncResolver-bootstrap-executor-0] Resolving eureka endpoints via configuration
2023-11-01 14-10-07.941 [INFO] com.netflix.discovery.shared.resolver.aws.ConfigClusterResolver [AsyncResolver-bootstrap-executor-0] Resolving eureka endpoints via configuration
2023-11-01 14-15-08.684 [INFO] com.netflix.discovery.shared.resolver.aws.ConfigClusterResolver [AsyncResolver-bootstrap-executor-0] Resolving eureka endpoints via configuration
2023-11-01 14-20-09.140 [INFO] com.netflix.discovery.shared.resolver.aws.ConfigClusterResolver [AsyncResolver-bootstrap-executor-0] Resolving eureka endpoints via configuration
2023-11-01 14-25-09.939 [INFO] com.netflix.discovery.shared.resolver.aws.ConfigClusterResolver [AsyncResolver-bootstrap-executor-0] Resolving eureka endpoints via configuration
2023-11-01 14-30-10.094 [INFO] com.netflix.discovery.shared.resolver.aws.ConfigClusterResolver [AsyncResolver-bootstrap-executor-0] Resolving eureka endpoints via configuration
2023-11-01 14-35-11.123 [INFO] com.netflix.discovery.shared.resolver.aws.ConfigClusterResolver [AsyncResolver-bootstrap-executor-0] Resolving eureka endpoints via configuration
2023-11-01 14-40-11.922 [INFO] com.netflix.discovery.shared.resolver.aws.ConfigClusterResolver [AsyncResolver-bootstrap-executor-0] Resolving eureka endpoints via configuration
2023-11-01 14-45-12.717 [INFO] com.netflix.discovery.shared.resolver.aws.ConfigClusterResolver [AsyncResolver-bootstrap-executor-0] Resolving eureka endpoints via configuration
2023-11-01 14-50-13.292 [INFO] com.netflix.discovery.shared.resolver.aws.ConfigClusterResolver [AsyncResolver-bootstrap-executor-0] Resolving eureka endpoints via configuration
2023-11-01 14-55-13.910 [INFO] com.netflix.discovery.shared.resolver.aws.ConfigClusterResolver [AsyncResolver-bootstrap-executor-0] Resolving eureka endpoints via configuration
2023-11-01 15-00-14.706 [INFO] com.netflix.discovery.shared.resolver.aws.ConfigClusterResolver [AsyncResolver-bootstrap-executor-0] Resolving eureka endpoints via configuration
2023-11-01 15-05-15.913 [INFO] com.netflix.discovery.shared.resolver.aws.ConfigClusterResolver [AsyncResolver-bootstrap-executor-0] Resolving eureka endpoints via configuration
2023-11-01 15-10-15.915 [INFO] com.netflix.discovery.shared.resolver.aws.ConfigClusterResolver [AsyncResolver-bootstrap-executor-0] Resolving eureka endpoints via configuration
2023-11-01 15-15-16.709 [INFO] com.netflix.discovery.shared.resolver.aws.ConfigClusterResolver [AsyncResolver-bootstrap-executor-0] Resolving eureka endpoints via configuration
2023-11-01 15-20-16.732 [INFO] com.netflix.discovery.shared.resolver.aws.ConfigClusterResolver [AsyncResolver-bootstrap-executor-0] Resolving eureka endpoints via configuration
2023-11-01 15-25-17.903 [INFO] com.netflix.discovery.shared.resolver.aws.ConfigClusterResolver [AsyncResolver-bootstrap-executor-0] Resolving eureka endpoints via configuration
2023-11-01 15-30-18.702 [INFO] com.netflix.discovery.shared.resolver.aws.ConfigClusterResolver [AsyncResolver-bootstrap-executor-0] Resolving eureka endpoints via configuration
2023-11-01 15-35-19.497 [INFO] com.netflix.discovery.shared.resolver.aws.ConfigClusterResolver [AsyncResolver-bootstrap-executor-0] Resolving eureka endpoints via configuration
2023-11-01 15-40-20.840 [INFO] com.netflix.discovery.shared.resolver.aws.ConfigClusterResolver [AsyncResolver-bootstrap-executor-0] Resolving eureka endpoints via configuration
2023-11-01 15-43-41.150 [INFO] com.example.employee.Security.JwtAuthenticationFilter [http-nio-8082-exec-8] Token is Valid 
2023-11-01 15-43-42.042 [INFO] com.example.employee.Controllers.EmpController [http-nio-8082-exec-8] employee with id EMP20238 added to db
2023-11-01 15-45-00.040 [INFO] com.example.employee.Security.JwtAuthenticationFilter [http-nio-8082-exec-10] Token is Valid 
2023-11-01 15-45-00.380 [INFO] com.example.employee.Controllers.EmpController [http-nio-8082-exec-10] employee with id EMP20239 added to db
2023-11-01 15-45-20.698 [INFO] com.netflix.discovery.shared.resolver.aws.ConfigClusterResolver [AsyncResolver-bootstrap-executor-0] Resolving eureka endpoints via configuration
2023-11-01 15-49-03.791 [INFO] com.example.employee.Security.JwtAuthenticationFilter [http-nio-8082-exec-2] Token is Valid 
2023-11-01 15-49-03.858 [INFO] com.example.employee.Controllers.EmpController [http-nio-8082-exec-2] employee mail -----> harireddyakkati.91@gmail.com
2023-11-01 15-49-03.874 [INFO] com.example.employee.Security.JwtAuthenticationFilter [http-nio-8082-exec-3] Token is Valid 
2023-11-01 15-49-03.883 [INFO] com.example.employee.Controllers.EmpController [http-nio-8082-exec-3] employee mail -----> harireddyakkati.91@gmail.com
2023-11-01 15-49-03.931 [INFO] com.example.employee.Security.JwtAuthenticationFilter [http-nio-8082-exec-4] Token is Valid 
2023-11-01 15-49-03.944 [INFO] com.example.employee.Controllers.EmpController [http-nio-8082-exec-4] employee mail -----> saikiran25.vsk@gmail.com
2023-11-01 15-50-21.497 [INFO] com.netflix.discovery.shared.resolver.aws.ConfigClusterResolver [AsyncResolver-bootstrap-executor-0] Resolving eureka endpoints via configuration
2023-11-01 15-55-21.848 [INFO] com.netflix.discovery.shared.resolver.aws.ConfigClusterResolver [AsyncResolver-bootstrap-executor-0] Resolving eureka endpoints via configuration
2023-11-01 16-00-22.681 [INFO] com.netflix.discovery.shared.resolver.aws.ConfigClusterResolver [AsyncResolver-bootstrap-executor-0] Resolving eureka endpoints via configuration
2023-11-01 16-05-23.480 [INFO] com.netflix.discovery.shared.resolver.aws.ConfigClusterResolver [AsyncResolver-bootstrap-executor-0] Resolving eureka endpoints via configuration
2023-11-01 16-10-24.116 [INFO] com.netflix.discovery.shared.resolver.aws.ConfigClusterResolver [AsyncResolver-bootstrap-executor-0] Resolving eureka endpoints via configuration
2023-11-01 16-15-24.681 [INFO] com.netflix.discovery.shared.resolver.aws.ConfigClusterResolver [AsyncResolver-bootstrap-executor-0] Resolving eureka endpoints via configuration
2023-11-01 16-20-25.477 [INFO] com.netflix.discovery.shared.resolver.aws.ConfigClusterResolver [AsyncResolver-bootstrap-executor-0] Resolving eureka endpoints via configuration
2023-11-01 16-25-26.275 [INFO] com.netflix.discovery.shared.resolver.aws.ConfigClusterResolver [AsyncResolver-bootstrap-executor-0] Resolving eureka endpoints via configuration
2023-11-01 16-28-01.079 [INFO] com.example.employee.Security.JwtAuthenticationFilter [http-nio-8082-exec-7] Token is Valid 
2023-11-01 16-28-01.398 [INFO] com.example.employee.Controllers.EmpController [http-nio-8082-exec-7] employee mail -----> harireddyakkati.91@gmail.com
2023-11-01 16-30-26.808 [INFO] com.netflix.discovery.shared.resolver.aws.ConfigClusterResolver [AsyncResolver-bootstrap-executor-0] Resolving eureka endpoints via configuration
2023-11-01 16-35-27.460 [INFO] com.netflix.discovery.shared.resolver.aws.ConfigClusterResolver [AsyncResolver-bootstrap-executor-0] Resolving eureka endpoints via configuration
2023-11-01 16-40-28.251 [INFO] com.netflix.discovery.shared.resolver.aws.ConfigClusterResolver [AsyncResolver-bootstrap-executor-0] Resolving eureka endpoints via configuration
2023-11-01 16-40-46.351 [INFO] com.example.employee.Security.JwtAuthenticationFilter [http-nio-8082-exec-9] Token is Valid 
2023-11-01 16-40-46.362 [INFO] com.example.employee.Controllers.EmpController [http-nio-8082-exec-9] employee mail -----> harireddyakkati.91@gmail.com
2023-11-01 16-40-46.374 [INFO] com.example.employee.Security.JwtAuthenticationFilter [http-nio-8082-exec-10] Token is Valid 
2023-11-01 16-40-46.382 [INFO] com.example.employee.Controllers.EmpController [http-nio-8082-exec-10] employee mail -----> harireddyakkati.91@gmail.com
2023-11-01 16-40-47.118 [INFO] com.example.employee.Security.JwtAuthenticationFilter [http-nio-8082-exec-1] Token is Valid 
2023-11-01 16-40-47.125 [INFO] com.example.employee.Controllers.EmpController [http-nio-8082-exec-1] employee mail -----> saikiran25.vsk@gmail.com
2023-11-01 16-41-58.156 [INFO] com.example.employee.Security.JwtAuthenticationFilter [http-nio-8082-exec-4] Token is Valid 
2023-11-01 16-41-58.217 [INFO] com.example.employee.Controllers.EmpController [http-nio-8082-exec-4] employee mail -----> harireddyakkati.91@gmail.com
2023-11-01 16-44-35.697 [INFO] com.example.employee.Security.JwtAuthenticationFilter [http-nio-8082-exec-6] Token is Valid 
2023-11-01 16-44-35.717 [INFO] com.example.employee.Controllers.EmpController [http-nio-8082-exec-6] employee mail -----> harireddyakkati.91@gmail.com
2023-11-01 16-44-35.721 [INFO] com.example.employee.Security.JwtAuthenticationFilter [http-nio-8082-exec-7] Token is Valid 
2023-11-01 16-44-35.727 [INFO] com.example.employee.Controllers.EmpController [http-nio-8082-exec-7] employee mail -----> harireddyakkati.91@gmail.com
2023-11-01 16-44-36.124 [INFO] com.example.employee.Security.JwtAuthenticationFilter [http-nio-8082-exec-8] Token is Valid 
2023-11-01 16-44-36.133 [INFO] com.example.employee.Controllers.EmpController [http-nio-8082-exec-8] employee mail -----> saikiran25.vsk@gmail.com
2023-11-01 16-45-05.513 [INFO] com.example.employee.Security.JwtAuthenticationFilter [http-nio-8082-exec-9] Token is Valid 
2023-11-01 16-45-05.538 [INFO] com.example.employee.Controllers.EmpController [http-nio-8082-exec-9] employee mail -----> harireddyakkati.91@gmail.com
2023-11-01 16-45-28.767 [INFO] com.netflix.discovery.shared.resolver.aws.ConfigClusterResolver [AsyncResolver-bootstrap-executor-0] Resolving eureka endpoints via configuration
2023-11-01 16-47-30.080 [INFO] org.springframework.cloud.netflix.eureka.serviceregistry.EurekaServiceRegistry [SpringApplicationShutdownHook] Unregistering application EMPLOYEE-SERVICE with eureka with status DOWN
2023-11-01 16-47-30.081 [INFO] com.netflix.discovery.DiscoveryClient [SpringApplicationShutdownHook] Saw local status change event StatusChangeEvent [timestamp=1698837450081, current=DOWN, previous=UP]
2023-11-01 16-47-30.081 [INFO] com.netflix.discovery.DiscoveryClient [DiscoveryClient-InstanceInfoReplicator-0] DiscoveryClient_EMPLOYEE-SERVICE/192.168.2.58:employee-service:8082: registering service...
2023-11-01 16-47-30.148 [INFO] com.netflix.discovery.DiscoveryClient [DiscoveryClient-InstanceInfoReplicator-0] DiscoveryClient_EMPLOYEE-SERVICE/192.168.2.58:employee-service:8082 - registration status: 204
2023-11-01 16-47-30.290 [INFO] org.springframework.orm.jpa.LocalContainerEntityManagerFactoryBean [SpringApplicationShutdownHook] Closing JPA EntityManagerFactory for persistence unit 'default'
2023-11-01 16-47-30.297 [INFO] com.zaxxer.hikari.HikariDataSource [SpringApplicationShutdownHook] HikariPool-1 - Shutdown initiated...
2023-11-01 16-47-30.305 [INFO] com.zaxxer.hikari.HikariDataSource [SpringApplicationShutdownHook] HikariPool-1 - Shutdown completed.
2023-11-01 16-47-30.306 [INFO] com.netflix.discovery.DiscoveryClient [SpringApplicationShutdownHook] Shutting down DiscoveryClient ...
2023-11-01 16-47-33.369 [INFO] com.netflix.discovery.DiscoveryClient [SpringApplicationShutdownHook] Unregistering ...
2023-11-01 16-47-33.375 [INFO] com.netflix.discovery.DiscoveryClient [SpringApplicationShutdownHook] DiscoveryClient_EMPLOYEE-SERVICE/192.168.2.58:employee-service:8082 - deregister  status: 200
2023-11-01 16-47-33.444 [INFO] com.netflix.discovery.DiscoveryClient [SpringApplicationShutdownHook] Completed shut down of DiscoveryClient
