2023-11-03 16-01-28.058 [INFO] com.example.employee.EmployeeApplication [main] Starting EmployeeApplication using Java 17.0.8 with PID 9632 (C:\Users\Sreenivas Bandaru\Desktop\spring boot\employee\target\classes started by Sreenivas Bandaru in C:\Users\Sreenivas Bandaru\Desktop\spring boot\jwt-gateway)
2023-11-03 16-01-28.070 [DEBUG] com.example.employee.EmployeeApplication [main] Running with Spring Boot v3.1.4, Spring v6.0.12
2023-11-03 16-01-28.071 [INFO] com.example.employee.EmployeeApplication [main] No active profile set, falling back to 1 default profile: "default"
2023-11-03 16-01-29.469 [INFO] org.springframework.data.repository.config.RepositoryConfigurationDelegate [main] Bootstrapping Spring Data JPA repositories in DEFAULT mode.
2023-11-03 16-01-29.669 [INFO] org.springframework.data.repository.config.RepositoryConfigurationDelegate [main] Finished Spring Data repository scanning in 189 ms. Found 4 JPA repository interfaces.
2023-11-03 16-01-29.991 [INFO] org.springframework.cloud.context.scope.GenericScope [main] BeanFactory id=7e189398-462f-3743-b774-4bf4e850779f
2023-11-03 16-01-30.606 [INFO] org.springframework.boot.web.embedded.tomcat.TomcatWebServer [main] Tomcat initialized with port(s): 8082 (http)
2023-11-03 16-01-30.619 [INFO] org.apache.catalina.core.StandardService [main] Starting service [Tomcat]
2023-11-03 16-01-30.619 [INFO] org.apache.catalina.core.StandardEngine [main] Starting Servlet engine: [Apache Tomcat/10.1.13]
2023-11-03 16-01-30.771 [INFO] org.apache.catalina.core.ContainerBase.[Tomcat].[localhost].[/] [main] Initializing Spring embedded WebApplicationContext
2023-11-03 16-01-30.771 [INFO] org.springframework.boot.web.servlet.context.ServletWebServerApplicationContext [main] Root WebApplicationContext: initialization completed in 2556 ms
2023-11-03 16-01-30.852 [DEBUG] com.example.employee.Security.JwtAuthenticationFilter [main] Filter 'jwtAuthenticationFilter' configured for use
2023-11-03 16-01-31.023 [INFO] org.hibernate.jpa.internal.util.LogHelper [main] HHH000204: Processing PersistenceUnitInfo [name: default]
2023-11-03 16-01-31.108 [INFO] org.hibernate.Version [main] HHH000412: Hibernate ORM core version 6.2.9.Final
2023-11-03 16-01-31.111 [INFO] org.hibernate.cfg.Environment [main] HHH000406: Using bytecode reflection optimizer
2023-11-03 16-01-31.352 [INFO] org.hibernate.bytecode.internal.BytecodeProviderInitiator [main] HHH000021: Bytecode provider name : bytebuddy
2023-11-03 16-01-31.492 [INFO] org.springframework.orm.jpa.persistenceunit.SpringPersistenceUnitInfo [main] No LoadTimeWeaver setup: ignoring JPA class transformer
2023-11-03 16-01-31.512 [INFO] com.zaxxer.hikari.HikariDataSource [main] HikariPool-1 - Starting...
2023-11-03 16-01-31.888 [INFO] com.zaxxer.hikari.pool.HikariPool [main] HikariPool-1 - Added connection com.mysql.cj.jdbc.ConnectionImpl@75d539b9
2023-11-03 16-01-31.891 [INFO] com.zaxxer.hikari.HikariDataSource [main] HikariPool-1 - Start completed.
2023-11-03 16-01-35.568 [INFO] org.hibernate.bytecode.internal.BytecodeProviderInitiator [main] HHH000021: Bytecode provider name : bytebuddy
2023-11-03 16-01-36.811 [INFO] org.hibernate.engine.transaction.jta.platform.internal.JtaPlatformInitiator [main] HHH000490: Using JtaPlatform implementation: [org.hibernate.engine.transaction.jta.platform.internal.NoJtaPlatform]
2023-11-03 16-01-37.312 [INFO] org.springframework.orm.jpa.LocalContainerEntityManagerFactoryBean [main] Initialized JPA EntityManagerFactory for persistence unit 'default'
2023-11-03 16-01-37.819 [INFO] org.springframework.data.jpa.repository.query.QueryEnhancerFactory [main] Hibernate is in classpath; If applicable, HQL parser will be used.
2023-11-03 16-01-38.433 [WARN] org.springframework.boot.autoconfigure.orm.jpa.JpaBaseConfiguration$JpaWebConfiguration [main] spring.jpa.open-in-view is enabled by default. Therefore, database queries may be performed during view rendering. Explicitly configure spring.jpa.open-in-view to disable this warning
2023-11-03 16-01-38.700 [WARN] org.springframework.boot.autoconfigure.security.servlet.UserDetailsServiceAutoConfiguration [main] 

Using generated security password: 018cb88c-65a7-4999-b521-30c2ccf236a9

This generated password is for development use only. Your security configuration must be updated before running your application in production.

2023-11-03 16-01-39.209 [INFO] org.springframework.security.web.DefaultSecurityFilterChain [main] Will secure any request with [org.springframework.security.web.session.DisableEncodeUrlFilter@602d5417, org.springframework.security.web.context.request.async.WebAsyncManagerIntegrationFilter@75128cf, org.springframework.security.web.context.SecurityContextHolderFilter@1d921267, org.springframework.security.web.header.HeaderWriterFilter@900ffc4, org.springframework.security.web.authentication.logout.LogoutFilter@22b2d9e3, com.example.employee.Security.JwtAuthenticationFilter@6a3fbcb1, org.springframework.security.web.savedrequest.RequestCacheAwareFilter@684a34f4, org.springframework.security.web.servletapi.SecurityContextHolderAwareRequestFilter@5f606ab6, org.springframework.security.web.authentication.AnonymousAuthenticationFilter@33ccab9c, org.springframework.security.web.session.SessionManagementFilter@3eb7ff78, org.springframework.security.web.access.ExceptionTranslationFilter@10b36d8a, org.springframework.security.web.access.intercept.AuthorizationFilter@71c2cb26]
2023-11-03 16-01-39.736 [INFO] org.springframework.cloud.netflix.eureka.config.DiscoveryClientOptionalArgsConfiguration [main] Eureka HTTP Client uses RestTemplate.
2023-11-03 16-01-40.121 [WARN] org.springframework.cloud.loadbalancer.config.LoadBalancerCacheAutoConfiguration$LoadBalancerCaffeineWarnLogger [main] Spring Cloud LoadBalancer is currently working with the default cache. While this cache implementation is useful for development and tests, it's recommended to use Caffeine cache in production.You can switch to using Caffeine cache, by adding it and org.springframework.cache.caffeine.CaffeineCacheManager to the classpath.
2023-11-03 16-01-40.211 [INFO] org.springframework.cloud.netflix.eureka.InstanceInfoFactory [main] Setting initial instance status as: STARTING
2023-11-03 16-01-40.419 [INFO] com.netflix.discovery.DiscoveryClient [main] Initializing Eureka in region us-east-1
2023-11-03 16-01-40.423 [INFO] com.netflix.discovery.shared.resolver.aws.ConfigClusterResolver [main] Resolving eureka endpoints via configuration
2023-11-03 16-01-40.469 [INFO] com.netflix.discovery.DiscoveryClient [main] Disable delta property : false
2023-11-03 16-01-40.469 [INFO] com.netflix.discovery.DiscoveryClient [main] Single vip registry refresh property : null
2023-11-03 16-01-40.469 [INFO] com.netflix.discovery.DiscoveryClient [main] Force full registry fetch : false
2023-11-03 16-01-40.470 [INFO] com.netflix.discovery.DiscoveryClient [main] Application is null : false
2023-11-03 16-01-40.470 [INFO] com.netflix.discovery.DiscoveryClient [main] Registered Applications size is zero : true
2023-11-03 16-01-40.470 [INFO] com.netflix.discovery.DiscoveryClient [main] Application version is -1: true
2023-11-03 16-01-40.470 [INFO] com.netflix.discovery.DiscoveryClient [main] Getting all instance registry info from the eureka server
2023-11-03 16-01-40.997 [INFO] com.netflix.discovery.DiscoveryClient [main] The response status is 200
2023-11-03 16-01-41.002 [INFO] com.netflix.discovery.DiscoveryClient [main] Starting heartbeat executor: renew interval is: 30
2023-11-03 16-01-41.004 [INFO] com.netflix.discovery.InstanceInfoReplicator [main] InstanceInfoReplicator onDemand update allowed rate per min is 4
2023-11-03 16-01-41.011 [INFO] com.netflix.discovery.DiscoveryClient [main] Discovery Client initialized at timestamp 1699007501011 with initial instances count: 3
2023-11-03 16-01-41.018 [INFO] org.springframework.cloud.netflix.eureka.serviceregistry.EurekaServiceRegistry [main] Registering application EMPLOYEE-SERVICE with eureka with status UP
2023-11-03 16-01-41.019 [INFO] com.netflix.discovery.DiscoveryClient [main] Saw local status change event StatusChangeEvent [timestamp=1699007501019, current=UP, previous=STARTING]
2023-11-03 16-01-41.044 [INFO] com.netflix.discovery.DiscoveryClient [DiscoveryClient-InstanceInfoReplicator-0] DiscoveryClient_EMPLOYEE-SERVICE/192.168.2.58:employee-service:8082: registering service...
2023-11-03 16-01-41.121 [INFO] com.netflix.discovery.DiscoveryClient [DiscoveryClient-InstanceInfoReplicator-0] DiscoveryClient_EMPLOYEE-SERVICE/192.168.2.58:employee-service:8082 - registration status: 204
2023-11-03 16-01-41.149 [INFO] org.springframework.boot.web.embedded.tomcat.TomcatWebServer [main] Tomcat started on port(s): 8082 (http) with context path ''
2023-11-03 16-01-41.150 [INFO] org.springframework.cloud.netflix.eureka.serviceregistry.EurekaAutoServiceRegistration [main] Updating port to 8082
2023-11-03 16-01-41.415 [INFO] com.example.employee.EmployeeApplication [main] Started EmployeeApplication in 14.037 seconds (process running for 14.57)
2023-11-03 16-06-41.264 [INFO] com.netflix.discovery.shared.resolver.aws.ConfigClusterResolver [AsyncResolver-bootstrap-executor-0] Resolving eureka endpoints via configuration
2023-11-03 16-11-41.863 [INFO] com.netflix.discovery.shared.resolver.aws.ConfigClusterResolver [AsyncResolver-bootstrap-executor-0] Resolving eureka endpoints via configuration
2023-11-03 16-16-42.455 [INFO] com.netflix.discovery.shared.resolver.aws.ConfigClusterResolver [AsyncResolver-bootstrap-executor-0] Resolving eureka endpoints via configuration
2023-11-03 16-21-43.254 [INFO] com.netflix.discovery.shared.resolver.aws.ConfigClusterResolver [AsyncResolver-bootstrap-executor-0] Resolving eureka endpoints via configuration
2023-11-03 16-26-44.051 [INFO] com.netflix.discovery.shared.resolver.aws.ConfigClusterResolver [AsyncResolver-bootstrap-executor-0] Resolving eureka endpoints via configuration
2023-11-03 16-31-45.387 [INFO] com.netflix.discovery.shared.resolver.aws.ConfigClusterResolver [AsyncResolver-bootstrap-executor-0] Resolving eureka endpoints via configuration
2023-11-03 16-36-45.242 [INFO] com.netflix.discovery.shared.resolver.aws.ConfigClusterResolver [AsyncResolver-bootstrap-executor-0] Resolving eureka endpoints via configuration
2023-11-03 16-41-46.041 [INFO] com.netflix.discovery.shared.resolver.aws.ConfigClusterResolver [AsyncResolver-bootstrap-executor-0] Resolving eureka endpoints via configuration
2023-11-03 16-46-46.128 [INFO] com.netflix.discovery.shared.resolver.aws.ConfigClusterResolver [AsyncResolver-bootstrap-executor-0] Resolving eureka endpoints via configuration
2023-11-03 16-51-47.231 [INFO] com.netflix.discovery.shared.resolver.aws.ConfigClusterResolver [AsyncResolver-bootstrap-executor-0] Resolving eureka endpoints via configuration
2023-11-03 16-56-48.031 [INFO] com.netflix.discovery.shared.resolver.aws.ConfigClusterResolver [AsyncResolver-bootstrap-executor-0] Resolving eureka endpoints via configuration
2023-11-03 17-01-48.828 [INFO] com.netflix.discovery.shared.resolver.aws.ConfigClusterResolver [AsyncResolver-bootstrap-executor-0] Resolving eureka endpoints via configuration
2023-11-03 17-06-50.186 [INFO] com.netflix.discovery.shared.resolver.aws.ConfigClusterResolver [AsyncResolver-bootstrap-executor-0] Resolving eureka endpoints via configuration
2023-11-03 17-11-50.025 [INFO] com.netflix.discovery.shared.resolver.aws.ConfigClusterResolver [AsyncResolver-bootstrap-executor-0] Resolving eureka endpoints via configuration
2023-11-03 17-16-50.820 [INFO] com.netflix.discovery.shared.resolver.aws.ConfigClusterResolver [AsyncResolver-bootstrap-executor-0] Resolving eureka endpoints via configuration
2023-11-03 17-21-50.953 [INFO] com.netflix.discovery.shared.resolver.aws.ConfigClusterResolver [AsyncResolver-bootstrap-executor-0] Resolving eureka endpoints via configuration
2023-11-03 17-26-52.022 [INFO] com.netflix.discovery.shared.resolver.aws.ConfigClusterResolver [AsyncResolver-bootstrap-executor-0] Resolving eureka endpoints via configuration
2023-11-03 17-31-52.809 [INFO] com.netflix.discovery.shared.resolver.aws.ConfigClusterResolver [AsyncResolver-bootstrap-executor-0] Resolving eureka endpoints via configuration
2023-11-03 17-36-53.604 [INFO] com.netflix.discovery.shared.resolver.aws.ConfigClusterResolver [AsyncResolver-bootstrap-executor-0] Resolving eureka endpoints via configuration
