2023-11-01 13-56-05.354 [INFO] com.example.leaves.LeavesApplication [main] Starting LeavesApplication using Java 17.0.8 with PID 20400 (C:\Users\Sreenivas Bandaru\Desktop\spring boot\leaves\target\classes started by Sreenivas Bandaru in C:\Users\Sreenivas Bandaru\Desktop\spring boot\leaves)
2023-11-01 13-56-05.355 [DEBUG] com.example.leaves.LeavesApplication [main] Running with Spring Boot v3.1.4, Spring v6.0.12
2023-11-01 13-56-05.356 [INFO] com.example.leaves.LeavesApplication [main] No active profile set, falling back to 1 default profile: "default"
2023-11-01 13-56-06.232 [INFO] org.springframework.data.repository.config.RepositoryConfigurationDelegate [main] Bootstrapping Spring Data JPA repositories in DEFAULT mode.
2023-11-01 13-56-06.418 [INFO] org.springframework.data.repository.config.RepositoryConfigurationDelegate [main] Finished Spring Data repository scanning in 170 ms. Found 4 JPA repository interfaces.
2023-11-01 13-56-06.725 [INFO] org.springframework.cloud.context.scope.GenericScope [main] BeanFactory id=1d49a712-991e-3370-b7f1-e1e9208473f5
2023-11-01 13-56-07.270 [INFO] org.springframework.boot.web.embedded.tomcat.TomcatWebServer [main] Tomcat initialized with port(s): 8085 (http)
2023-11-01 13-56-07.281 [INFO] org.apache.catalina.core.StandardService [main] Starting service [Tomcat]
2023-11-01 13-56-07.282 [INFO] org.apache.catalina.core.StandardEngine [main] Starting Servlet engine: [Apache Tomcat/10.1.13]
2023-11-01 13-56-07.391 [INFO] org.apache.catalina.core.ContainerBase.[Tomcat].[localhost].[/] [main] Initializing Spring embedded WebApplicationContext
2023-11-01 13-56-07.391 [INFO] org.springframework.boot.web.servlet.context.ServletWebServerApplicationContext [main] Root WebApplicationContext: initialization completed in 1975 ms
2023-11-01 13-56-07.459 [DEBUG] com.example.leaves.Security.JwtAuthenticationFilter [main] Filter 'jwtAuthenticationFilter' configured for use
2023-11-01 13-56-07.590 [INFO] org.hibernate.jpa.internal.util.LogHelper [main] HHH000204: Processing PersistenceUnitInfo [name: default]
2023-11-01 13-56-07.661 [INFO] org.hibernate.Version [main] HHH000412: Hibernate ORM core version 6.2.9.Final
2023-11-01 13-56-07.663 [INFO] org.hibernate.cfg.Environment [main] HHH000406: Using bytecode reflection optimizer
2023-11-01 13-56-07.825 [INFO] org.hibernate.bytecode.internal.BytecodeProviderInitiator [main] HHH000021: Bytecode provider name : bytebuddy
2023-11-01 13-56-07.974 [INFO] org.springframework.orm.jpa.persistenceunit.SpringPersistenceUnitInfo [main] No LoadTimeWeaver setup: ignoring JPA class transformer
2023-11-01 13-56-07.991 [INFO] com.zaxxer.hikari.HikariDataSource [main] HikariPool-1 - Starting...
2023-11-01 13-56-08.300 [INFO] com.zaxxer.hikari.pool.HikariPool [main] HikariPool-1 - Added connection com.mysql.cj.jdbc.ConnectionImpl@d512c1
2023-11-01 13-56-08.304 [INFO] com.zaxxer.hikari.HikariDataSource [main] HikariPool-1 - Start completed.
2023-11-01 13-56-08.745 [INFO] org.hibernate.bytecode.internal.BytecodeProviderInitiator [main] HHH000021: Bytecode provider name : bytebuddy
2023-11-01 13-56-09.407 [INFO] org.hibernate.engine.transaction.jta.platform.internal.JtaPlatformInitiator [main] HHH000490: Using JtaPlatform implementation: [org.hibernate.engine.transaction.jta.platform.internal.NoJtaPlatform]
2023-11-01 13-56-09.495 [INFO] org.springframework.orm.jpa.LocalContainerEntityManagerFactoryBean [main] Initialized JPA EntityManagerFactory for persistence unit 'default'
2023-11-01 13-56-09.975 [INFO] org.springframework.data.jpa.repository.query.QueryEnhancerFactory [main] Hibernate is in classpath; If applicable, HQL parser will be used.
2023-11-01 13-56-10.175 [WARN] org.springframework.boot.autoconfigure.orm.jpa.JpaBaseConfiguration$JpaWebConfiguration [main] spring.jpa.open-in-view is enabled by default. Therefore, database queries may be performed during view rendering. Explicitly configure spring.jpa.open-in-view to disable this warning
2023-11-01 13-56-10.241 [WARN] org.springframework.boot.autoconfigure.security.servlet.UserDetailsServiceAutoConfiguration [main] 

Using generated security password: 2b8b016f-3898-4ab8-bc8f-1951e4163c38

This generated password is for development use only. Your security configuration must be updated before running your application in production.

2023-11-01 13-56-10.594 [INFO] org.springframework.security.web.DefaultSecurityFilterChain [main] Will secure any request with [org.springframework.security.web.session.DisableEncodeUrlFilter@380cd266, org.springframework.security.web.context.request.async.WebAsyncManagerIntegrationFilter@4b477121, org.springframework.security.web.context.SecurityContextHolderFilter@712dd0b0, org.springframework.security.web.header.HeaderWriterFilter@34f3c920, org.springframework.security.web.authentication.logout.LogoutFilter@c680819, com.example.leaves.Security.JwtAuthenticationFilter@4017fe2c, org.springframework.security.web.savedrequest.RequestCacheAwareFilter@500beb9f, org.springframework.security.web.servletapi.SecurityContextHolderAwareRequestFilter@78d49939, org.springframework.security.web.authentication.AnonymousAuthenticationFilter@21d561c9, org.springframework.security.web.session.SessionManagementFilter@39e91bda, org.springframework.security.web.access.ExceptionTranslationFilter@1722ede1, org.springframework.security.web.access.intercept.AuthorizationFilter@25dacc5a]
2023-11-01 13-56-10.936 [INFO] org.springframework.cloud.netflix.eureka.config.DiscoveryClientOptionalArgsConfiguration [main] Eureka HTTP Client uses RestTemplate.
2023-11-01 13-56-11.046 [WARN] org.springframework.cloud.loadbalancer.config.LoadBalancerCacheAutoConfiguration$LoadBalancerCaffeineWarnLogger [main] Spring Cloud LoadBalancer is currently working with the default cache. While this cache implementation is useful for development and tests, it's recommended to use Caffeine cache in production.You can switch to using Caffeine cache, by adding it and org.springframework.cache.caffeine.CaffeineCacheManager to the classpath.
2023-11-01 13-56-11.068 [INFO] org.springframework.cloud.netflix.eureka.InstanceInfoFactory [main] Setting initial instance status as: STARTING
2023-11-01 13-56-11.170 [INFO] com.netflix.discovery.DiscoveryClient [main] Initializing Eureka in region us-east-1
2023-11-01 13-56-11.178 [INFO] com.netflix.discovery.shared.resolver.aws.ConfigClusterResolver [main] Resolving eureka endpoints via configuration
2023-11-01 13-56-11.202 [INFO] com.netflix.discovery.DiscoveryClient [main] Disable delta property : false
2023-11-01 13-56-11.202 [INFO] com.netflix.discovery.DiscoveryClient [main] Single vip registry refresh property : null
2023-11-01 13-56-11.203 [INFO] com.netflix.discovery.DiscoveryClient [main] Force full registry fetch : false
2023-11-01 13-56-11.203 [INFO] com.netflix.discovery.DiscoveryClient [main] Application is null : false
2023-11-01 13-56-11.203 [INFO] com.netflix.discovery.DiscoveryClient [main] Registered Applications size is zero : true
2023-11-01 13-56-11.203 [INFO] com.netflix.discovery.DiscoveryClient [main] Application version is -1: true
2023-11-01 13-56-11.203 [INFO] com.netflix.discovery.DiscoveryClient [main] Getting all instance registry info from the eureka server
2023-11-01 13-56-11.546 [INFO] com.netflix.discovery.DiscoveryClient [main] The response status is 200
2023-11-01 13-56-11.549 [INFO] com.netflix.discovery.DiscoveryClient [main] Starting heartbeat executor: renew interval is: 30
2023-11-01 13-56-11.551 [INFO] com.netflix.discovery.InstanceInfoReplicator [main] InstanceInfoReplicator onDemand update allowed rate per min is 4
2023-11-01 13-56-11.559 [INFO] com.netflix.discovery.DiscoveryClient [main] Discovery Client initialized at timestamp 1698827171556 with initial instances count: 5
2023-11-01 13-56-11.564 [INFO] org.springframework.cloud.netflix.eureka.serviceregistry.EurekaServiceRegistry [main] Registering application LEAVES-SERVICE with eureka with status UP
2023-11-01 13-56-11.566 [INFO] com.netflix.discovery.DiscoveryClient [main] Saw local status change event StatusChangeEvent [timestamp=1698827171566, current=UP, previous=STARTING]
2023-11-01 13-56-11.568 [INFO] com.netflix.discovery.DiscoveryClient [DiscoveryClient-InstanceInfoReplicator-0] DiscoveryClient_LEAVES-SERVICE/192.168.2.58:leaves-service:8085: registering service...
2023-11-01 13-56-11.605 [INFO] org.springframework.boot.web.embedded.tomcat.TomcatWebServer [main] Tomcat started on port(s): 8085 (http) with context path ''
2023-11-01 13-56-11.607 [INFO] org.springframework.cloud.netflix.eureka.serviceregistry.EurekaAutoServiceRegistration [main] Updating port to 8085
2023-11-01 13-56-11.616 [INFO] com.netflix.discovery.DiscoveryClient [DiscoveryClient-InstanceInfoReplicator-0] DiscoveryClient_LEAVES-SERVICE/192.168.2.58:leaves-service:8085 - registration status: 204
2023-11-01 13-56-11.663 [INFO] com.example.leaves.LeavesApplication [main] Started LeavesApplication in 6.914 seconds (process running for 7.405)
2023-11-01 13-57-30.643 [INFO] org.apache.catalina.core.ContainerBase.[Tomcat].[localhost].[/] [http-nio-8085-exec-1] Initializing Spring DispatcherServlet 'dispatcherServlet'
2023-11-01 13-57-30.651 [INFO] org.springframework.web.servlet.DispatcherServlet [http-nio-8085-exec-1] Initializing Servlet 'dispatcherServlet'
2023-11-01 13-57-30.653 [INFO] org.springframework.web.servlet.DispatcherServlet [http-nio-8085-exec-1] Completed initialization in 1 ms
2023-11-01 13-57-30.667 [INFO] com.example.leaves.Security.JwtAuthenticationFilter [http-nio-8085-exec-1] Token is Valid 
2023-11-01 13-57-31.555 [WARN] org.springframework.cloud.loadbalancer.core.RoundRobinLoadBalancer [http-nio-8085-exec-1] No servers available for service: localhost
2023-11-01 13-57-31.556 [ERROR] com.example.leaves.Controllers.LeavesController [http-nio-8085-exec-1] No instances available for localhost
2023-11-01 13-59-07.974 [INFO] com.example.leaves.Security.JwtAuthenticationFilter [http-nio-8085-exec-2] Token is Valid 
2023-11-01 13-59-08.122 [WARN] org.springframework.cloud.loadbalancer.core.RoundRobinLoadBalancer [http-nio-8085-exec-2] No servers available for service: localhost
2023-11-01 13-59-08.122 [ERROR] com.example.leaves.Controllers.LeavesController [http-nio-8085-exec-2] No instances available for localhost
2023-11-01 13-59-23.466 [INFO] com.example.leaves.Security.JwtAuthenticationFilter [http-nio-8085-exec-3] Token is Valid 
2023-11-01 13-59-23.479 [ERROR] com.example.leaves.Controllers.LeavesController [http-nio-8085-exec-3] your from date or to date is already having leave.
2023-11-01 14-00-02.698 [INFO] org.springframework.cloud.netflix.eureka.serviceregistry.EurekaServiceRegistry [SpringApplicationShutdownHook] Unregistering application LEAVES-SERVICE with eureka with status DOWN
2023-11-01 14-00-02.698 [INFO] com.netflix.discovery.DiscoveryClient [SpringApplicationShutdownHook] Saw local status change event StatusChangeEvent [timestamp=1698827402698, current=DOWN, previous=UP]
2023-11-01 14-00-02.700 [INFO] com.netflix.discovery.DiscoveryClient [DiscoveryClient-InstanceInfoReplicator-0] DiscoveryClient_LEAVES-SERVICE/192.168.2.58:leaves-service:8085: registering service...
2023-11-01 14-00-02.717 [INFO] com.netflix.discovery.DiscoveryClient [DiscoveryClient-InstanceInfoReplicator-0] DiscoveryClient_LEAVES-SERVICE/192.168.2.58:leaves-service:8085 - registration status: 204
2023-11-01 14-00-02.778 [INFO] org.springframework.orm.jpa.LocalContainerEntityManagerFactoryBean [SpringApplicationShutdownHook] Closing JPA EntityManagerFactory for persistence unit 'default'
2023-11-01 14-00-02.781 [INFO] com.zaxxer.hikari.HikariDataSource [SpringApplicationShutdownHook] HikariPool-1 - Shutdown initiated...
2023-11-01 14-00-02.845 [INFO] com.zaxxer.hikari.HikariDataSource [SpringApplicationShutdownHook] HikariPool-1 - Shutdown completed.
2023-11-01 14-00-02.846 [INFO] com.netflix.discovery.DiscoveryClient [SpringApplicationShutdownHook] Shutting down DiscoveryClient ...
2023-11-01 14-00-05.875 [INFO] com.netflix.discovery.DiscoveryClient [SpringApplicationShutdownHook] Unregistering ...
2023-11-01 14-00-05.883 [INFO] com.netflix.discovery.DiscoveryClient [SpringApplicationShutdownHook] DiscoveryClient_LEAVES-SERVICE/192.168.2.58:leaves-service:8085 - deregister  status: 200
2023-11-01 14-00-05.891 [INFO] com.netflix.discovery.DiscoveryClient [SpringApplicationShutdownHook] Completed shut down of DiscoveryClient
2023-11-01 14-00-09.883 [INFO] com.example.leaves.LeavesApplication [main] Starting LeavesApplication using Java 17.0.8 with PID 14536 (C:\Users\Sreenivas Bandaru\Desktop\spring boot\leaves\target\classes started by Sreenivas Bandaru in C:\Users\Sreenivas Bandaru\Desktop\spring boot\leaves)
2023-11-01 14-00-09.884 [DEBUG] com.example.leaves.LeavesApplication [main] Running with Spring Boot v3.1.4, Spring v6.0.12
2023-11-01 14-00-09.885 [INFO] com.example.leaves.LeavesApplication [main] No active profile set, falling back to 1 default profile: "default"
2023-11-01 14-00-10.786 [INFO] org.springframework.data.repository.config.RepositoryConfigurationDelegate [main] Bootstrapping Spring Data JPA repositories in DEFAULT mode.
2023-11-01 14-00-10.994 [INFO] org.springframework.data.repository.config.RepositoryConfigurationDelegate [main] Finished Spring Data repository scanning in 193 ms. Found 4 JPA repository interfaces.
2023-11-01 14-00-11.295 [INFO] org.springframework.cloud.context.scope.GenericScope [main] BeanFactory id=1d49a712-991e-3370-b7f1-e1e9208473f5
2023-11-01 14-00-11.822 [INFO] org.springframework.boot.web.embedded.tomcat.TomcatWebServer [main] Tomcat initialized with port(s): 8085 (http)
2023-11-01 14-00-11.833 [INFO] org.apache.catalina.core.StandardService [main] Starting service [Tomcat]
2023-11-01 14-00-11.833 [INFO] org.apache.catalina.core.StandardEngine [main] Starting Servlet engine: [Apache Tomcat/10.1.13]
2023-11-01 14-00-11.973 [INFO] org.apache.catalina.core.ContainerBase.[Tomcat].[localhost].[/] [main] Initializing Spring embedded WebApplicationContext
2023-11-01 14-00-11.974 [INFO] org.springframework.boot.web.servlet.context.ServletWebServerApplicationContext [main] Root WebApplicationContext: initialization completed in 2008 ms
2023-11-01 14-00-12.036 [DEBUG] com.example.leaves.Security.JwtAuthenticationFilter [main] Filter 'jwtAuthenticationFilter' configured for use
2023-11-01 14-00-12.163 [INFO] org.hibernate.jpa.internal.util.LogHelper [main] HHH000204: Processing PersistenceUnitInfo [name: default]
2023-11-01 14-00-12.219 [INFO] org.hibernate.Version [main] HHH000412: Hibernate ORM core version 6.2.9.Final
2023-11-01 14-00-12.221 [INFO] org.hibernate.cfg.Environment [main] HHH000406: Using bytecode reflection optimizer
2023-11-01 14-00-12.378 [INFO] org.hibernate.bytecode.internal.BytecodeProviderInitiator [main] HHH000021: Bytecode provider name : bytebuddy
2023-11-01 14-00-12.534 [INFO] org.springframework.orm.jpa.persistenceunit.SpringPersistenceUnitInfo [main] No LoadTimeWeaver setup: ignoring JPA class transformer
2023-11-01 14-00-12.550 [INFO] com.zaxxer.hikari.HikariDataSource [main] HikariPool-1 - Starting...
2023-11-01 14-00-12.848 [INFO] com.zaxxer.hikari.pool.HikariPool [main] HikariPool-1 - Added connection com.mysql.cj.jdbc.ConnectionImpl@1fb71788
2023-11-01 14-00-12.851 [INFO] com.zaxxer.hikari.HikariDataSource [main] HikariPool-1 - Start completed.
2023-11-01 14-00-13.276 [INFO] org.hibernate.bytecode.internal.BytecodeProviderInitiator [main] HHH000021: Bytecode provider name : bytebuddy
2023-11-01 14-00-13.921 [INFO] org.hibernate.engine.transaction.jta.platform.internal.JtaPlatformInitiator [main] HHH000490: Using JtaPlatform implementation: [org.hibernate.engine.transaction.jta.platform.internal.NoJtaPlatform]
2023-11-01 14-00-13.984 [INFO] org.springframework.orm.jpa.LocalContainerEntityManagerFactoryBean [main] Initialized JPA EntityManagerFactory for persistence unit 'default'
2023-11-01 14-00-14.526 [INFO] org.springframework.data.jpa.repository.query.QueryEnhancerFactory [main] Hibernate is in classpath; If applicable, HQL parser will be used.
2023-11-01 14-00-14.701 [WARN] org.springframework.boot.autoconfigure.orm.jpa.JpaBaseConfiguration$JpaWebConfiguration [main] spring.jpa.open-in-view is enabled by default. Therefore, database queries may be performed during view rendering. Explicitly configure spring.jpa.open-in-view to disable this warning
2023-11-01 14-00-14.770 [WARN] org.springframework.boot.autoconfigure.security.servlet.UserDetailsServiceAutoConfiguration [main] 

Using generated security password: 156aef1d-aacd-442b-b3c7-e28b57945231

This generated password is for development use only. Your security configuration must be updated before running your application in production.

2023-11-01 14-00-15.149 [INFO] org.springframework.security.web.DefaultSecurityFilterChain [main] Will secure any request with [org.springframework.security.web.session.DisableEncodeUrlFilter@3c00da24, org.springframework.security.web.context.request.async.WebAsyncManagerIntegrationFilter@430dbcb0, org.springframework.security.web.context.SecurityContextHolderFilter@3bfead8d, org.springframework.security.web.header.HeaderWriterFilter@51d26fed, org.springframework.security.web.authentication.logout.LogoutFilter@374013e8, com.example.leaves.Security.JwtAuthenticationFilter@ccd341d, org.springframework.security.web.savedrequest.RequestCacheAwareFilter@5f662dd, org.springframework.security.web.servletapi.SecurityContextHolderAwareRequestFilter@760ac834, org.springframework.security.web.authentication.AnonymousAuthenticationFilter@726d0482, org.springframework.security.web.session.SessionManagementFilter@4205d1c9, org.springframework.security.web.access.ExceptionTranslationFilter@31ecb361, org.springframework.security.web.access.intercept.AuthorizationFilter@2e2a2b07]
2023-11-01 14-00-15.478 [INFO] org.springframework.cloud.netflix.eureka.config.DiscoveryClientOptionalArgsConfiguration [main] Eureka HTTP Client uses RestTemplate.
2023-11-01 14-00-15.574 [WARN] org.springframework.cloud.loadbalancer.config.LoadBalancerCacheAutoConfiguration$LoadBalancerCaffeineWarnLogger [main] Spring Cloud LoadBalancer is currently working with the default cache. While this cache implementation is useful for development and tests, it's recommended to use Caffeine cache in production.You can switch to using Caffeine cache, by adding it and org.springframework.cache.caffeine.CaffeineCacheManager to the classpath.
2023-11-01 14-00-15.599 [INFO] org.springframework.cloud.netflix.eureka.InstanceInfoFactory [main] Setting initial instance status as: STARTING
2023-11-01 14-00-15.677 [INFO] com.netflix.discovery.DiscoveryClient [main] Initializing Eureka in region us-east-1
2023-11-01 14-00-15.682 [INFO] com.netflix.discovery.shared.resolver.aws.ConfigClusterResolver [main] Resolving eureka endpoints via configuration
2023-11-01 14-00-15.716 [INFO] com.netflix.discovery.DiscoveryClient [main] Disable delta property : false
2023-11-01 14-00-15.716 [INFO] com.netflix.discovery.DiscoveryClient [main] Single vip registry refresh property : null
2023-11-01 14-00-15.717 [INFO] com.netflix.discovery.DiscoveryClient [main] Force full registry fetch : false
2023-11-01 14-00-15.717 [INFO] com.netflix.discovery.DiscoveryClient [main] Application is null : false
2023-11-01 14-00-15.717 [INFO] com.netflix.discovery.DiscoveryClient [main] Registered Applications size is zero : true
2023-11-01 14-00-15.717 [INFO] com.netflix.discovery.DiscoveryClient [main] Application version is -1: true
2023-11-01 14-00-15.717 [INFO] com.netflix.discovery.DiscoveryClient [main] Getting all instance registry info from the eureka server
2023-11-01 14-00-16.074 [INFO] com.netflix.discovery.DiscoveryClient [main] The response status is 200
2023-11-01 14-00-16.077 [INFO] com.netflix.discovery.DiscoveryClient [main] Starting heartbeat executor: renew interval is: 30
2023-11-01 14-00-16.080 [INFO] com.netflix.discovery.InstanceInfoReplicator [main] InstanceInfoReplicator onDemand update allowed rate per min is 4
2023-11-01 14-00-16.085 [INFO] com.netflix.discovery.DiscoveryClient [main] Discovery Client initialized at timestamp 1698827416084 with initial instances count: 5
2023-11-01 14-00-16.091 [INFO] org.springframework.cloud.netflix.eureka.serviceregistry.EurekaServiceRegistry [main] Registering application LEAVES-SERVICE with eureka with status UP
2023-11-01 14-00-16.092 [INFO] com.netflix.discovery.DiscoveryClient [main] Saw local status change event StatusChangeEvent [timestamp=1698827416092, current=UP, previous=STARTING]
2023-11-01 14-00-16.094 [INFO] com.netflix.discovery.DiscoveryClient [DiscoveryClient-InstanceInfoReplicator-0] DiscoveryClient_LEAVES-SERVICE/192.168.2.58:leaves-service:8085: registering service...
2023-11-01 14-00-16.128 [INFO] org.springframework.boot.web.embedded.tomcat.TomcatWebServer [main] Tomcat started on port(s): 8085 (http) with context path ''
2023-11-01 14-00-16.129 [INFO] org.springframework.cloud.netflix.eureka.serviceregistry.EurekaAutoServiceRegistration [main] Updating port to 8085
2023-11-01 14-00-16.139 [INFO] com.netflix.discovery.DiscoveryClient [DiscoveryClient-InstanceInfoReplicator-0] DiscoveryClient_LEAVES-SERVICE/192.168.2.58:leaves-service:8085 - registration status: 204
2023-11-01 14-00-16.174 [INFO] com.example.leaves.LeavesApplication [main] Started LeavesApplication in 6.902 seconds (process running for 7.389)
2023-11-01 14-01-05.576 [INFO] org.apache.catalina.core.ContainerBase.[Tomcat].[localhost].[/] [http-nio-8085-exec-1] Initializing Spring DispatcherServlet 'dispatcherServlet'
2023-11-01 14-01-05.576 [INFO] org.springframework.web.servlet.DispatcherServlet [http-nio-8085-exec-1] Initializing Servlet 'dispatcherServlet'
2023-11-01 14-01-05.583 [INFO] org.springframework.web.servlet.DispatcherServlet [http-nio-8085-exec-1] Completed initialization in 0 ms
2023-11-01 14-01-05.599 [INFO] com.example.leaves.Security.JwtAuthenticationFilter [http-nio-8085-exec-1] Token is Valid 
2023-11-01 14-01-06.632 [WARN] org.springframework.cloud.loadbalancer.core.RoundRobinLoadBalancer [http-nio-8085-exec-1] No servers available for service: localhost
2023-11-01 14-01-06.634 [ERROR] com.example.leaves.Controllers.LeavesController [http-nio-8085-exec-1] No instances available for localhost
2023-11-01 14-01-57.522 [INFO] org.springframework.cloud.netflix.eureka.serviceregistry.EurekaServiceRegistry [SpringApplicationShutdownHook] Unregistering application LEAVES-SERVICE with eureka with status DOWN
2023-11-01 14-01-57.522 [INFO] com.netflix.discovery.DiscoveryClient [SpringApplicationShutdownHook] Saw local status change event StatusChangeEvent [timestamp=1698827517522, current=DOWN, previous=UP]
2023-11-01 14-01-57.523 [INFO] com.netflix.discovery.DiscoveryClient [DiscoveryClient-InstanceInfoReplicator-0] DiscoveryClient_LEAVES-SERVICE/192.168.2.58:leaves-service:8085: registering service...
2023-11-01 14-01-57.528 [INFO] com.netflix.discovery.DiscoveryClient [DiscoveryClient-InstanceInfoReplicator-0] DiscoveryClient_LEAVES-SERVICE/192.168.2.58:leaves-service:8085 - registration status: 204
2023-11-01 14-01-57.547 [INFO] org.springframework.orm.jpa.LocalContainerEntityManagerFactoryBean [SpringApplicationShutdownHook] Closing JPA EntityManagerFactory for persistence unit 'default'
2023-11-01 14-01-57.549 [INFO] com.zaxxer.hikari.HikariDataSource [SpringApplicationShutdownHook] HikariPool-1 - Shutdown initiated...
2023-11-01 14-01-57.558 [INFO] com.zaxxer.hikari.HikariDataSource [SpringApplicationShutdownHook] HikariPool-1 - Shutdown completed.
2023-11-01 14-01-57.559 [INFO] com.netflix.discovery.DiscoveryClient [SpringApplicationShutdownHook] Shutting down DiscoveryClient ...
2023-11-01 14-02-00.564 [INFO] com.netflix.discovery.DiscoveryClient [SpringApplicationShutdownHook] Unregistering ...
2023-11-01 14-02-00.569 [INFO] com.netflix.discovery.DiscoveryClient [SpringApplicationShutdownHook] DiscoveryClient_LEAVES-SERVICE/192.168.2.58:leaves-service:8085 - deregister  status: 200
2023-11-01 14-02-00.591 [INFO] com.netflix.discovery.DiscoveryClient [SpringApplicationShutdownHook] Completed shut down of DiscoveryClient
2023-11-01 14-02-05.743 [INFO] com.example.leaves.LeavesApplication [main] Starting LeavesApplication using Java 17.0.8 with PID 8512 (C:\Users\Sreenivas Bandaru\Desktop\spring boot\leaves\target\classes started by Sreenivas Bandaru in C:\Users\Sreenivas Bandaru\Desktop\spring boot\leaves)
2023-11-01 14-02-05.745 [DEBUG] com.example.leaves.LeavesApplication [main] Running with Spring Boot v3.1.4, Spring v6.0.12
2023-11-01 14-02-05.746 [INFO] com.example.leaves.LeavesApplication [main] No active profile set, falling back to 1 default profile: "default"
2023-11-01 14-02-06.606 [INFO] org.springframework.data.repository.config.RepositoryConfigurationDelegate [main] Bootstrapping Spring Data JPA repositories in DEFAULT mode.
2023-11-01 14-02-06.789 [INFO] org.springframework.data.repository.config.RepositoryConfigurationDelegate [main] Finished Spring Data repository scanning in 167 ms. Found 4 JPA repository interfaces.
2023-11-01 14-02-07.073 [INFO] org.springframework.cloud.context.scope.GenericScope [main] BeanFactory id=1d49a712-991e-3370-b7f1-e1e9208473f5
2023-11-01 14-02-07.654 [INFO] org.springframework.boot.web.embedded.tomcat.TomcatWebServer [main] Tomcat initialized with port(s): 8085 (http)
2023-11-01 14-02-07.663 [INFO] org.apache.catalina.core.StandardService [main] Starting service [Tomcat]
2023-11-01 14-02-07.664 [INFO] org.apache.catalina.core.StandardEngine [main] Starting Servlet engine: [Apache Tomcat/10.1.13]
2023-11-01 14-02-07.776 [INFO] org.apache.catalina.core.ContainerBase.[Tomcat].[localhost].[/] [main] Initializing Spring embedded WebApplicationContext
2023-11-01 14-02-07.776 [INFO] org.springframework.boot.web.servlet.context.ServletWebServerApplicationContext [main] Root WebApplicationContext: initialization completed in 1970 ms
2023-11-01 14-02-07.832 [DEBUG] com.example.leaves.Security.JwtAuthenticationFilter [main] Filter 'jwtAuthenticationFilter' configured for use
2023-11-01 14-02-07.958 [INFO] org.hibernate.jpa.internal.util.LogHelper [main] HHH000204: Processing PersistenceUnitInfo [name: default]
2023-11-01 14-02-08.009 [INFO] org.hibernate.Version [main] HHH000412: Hibernate ORM core version 6.2.9.Final
2023-11-01 14-02-08.011 [INFO] org.hibernate.cfg.Environment [main] HHH000406: Using bytecode reflection optimizer
2023-11-01 14-02-08.187 [INFO] org.hibernate.bytecode.internal.BytecodeProviderInitiator [main] HHH000021: Bytecode provider name : bytebuddy
2023-11-01 14-02-08.326 [INFO] org.springframework.orm.jpa.persistenceunit.SpringPersistenceUnitInfo [main] No LoadTimeWeaver setup: ignoring JPA class transformer
2023-11-01 14-02-08.342 [INFO] com.zaxxer.hikari.HikariDataSource [main] HikariPool-1 - Starting...
2023-11-01 14-02-08.656 [INFO] com.zaxxer.hikari.pool.HikariPool [main] HikariPool-1 - Added connection com.mysql.cj.jdbc.ConnectionImpl@a6dffdb
2023-11-01 14-02-08.658 [INFO] com.zaxxer.hikari.HikariDataSource [main] HikariPool-1 - Start completed.
2023-11-01 14-02-09.008 [INFO] org.hibernate.bytecode.internal.BytecodeProviderInitiator [main] HHH000021: Bytecode provider name : bytebuddy
2023-11-01 14-02-09.681 [INFO] org.hibernate.engine.transaction.jta.platform.internal.JtaPlatformInitiator [main] HHH000490: Using JtaPlatform implementation: [org.hibernate.engine.transaction.jta.platform.internal.NoJtaPlatform]
2023-11-01 14-02-09.838 [INFO] org.springframework.orm.jpa.LocalContainerEntityManagerFactoryBean [main] Initialized JPA EntityManagerFactory for persistence unit 'default'
2023-11-01 14-02-10.300 [INFO] org.springframework.data.jpa.repository.query.QueryEnhancerFactory [main] Hibernate is in classpath; If applicable, HQL parser will be used.
2023-11-01 14-02-10.445 [WARN] org.springframework.boot.autoconfigure.orm.jpa.JpaBaseConfiguration$JpaWebConfiguration [main] spring.jpa.open-in-view is enabled by default. Therefore, database queries may be performed during view rendering. Explicitly configure spring.jpa.open-in-view to disable this warning
2023-11-01 14-02-10.492 [WARN] org.springframework.boot.autoconfigure.security.servlet.UserDetailsServiceAutoConfiguration [main] 

Using generated security password: d465eb87-dfe8-4014-8dba-a4fb1968c7f4

This generated password is for development use only. Your security configuration must be updated before running your application in production.

2023-11-01 14-02-10.812 [INFO] org.springframework.security.web.DefaultSecurityFilterChain [main] Will secure any request with [org.springframework.security.web.session.DisableEncodeUrlFilter@60cbba57, org.springframework.security.web.context.request.async.WebAsyncManagerIntegrationFilter@614d01b, org.springframework.security.web.context.SecurityContextHolderFilter@adbc3bc, org.springframework.security.web.header.HeaderWriterFilter@4205d1c9, org.springframework.security.web.authentication.logout.LogoutFilter@726d0482, com.example.leaves.Security.JwtAuthenticationFilter@61608e1a, org.springframework.security.web.savedrequest.RequestCacheAwareFilter@5d3f583d, org.springframework.security.web.servletapi.SecurityContextHolderAwareRequestFilter@22cca101, org.springframework.security.web.authentication.AnonymousAuthenticationFilter@3be2ef56, org.springframework.security.web.session.SessionManagementFilter@7bbe5548, org.springframework.security.web.access.ExceptionTranslationFilter@4cf46574, org.springframework.security.web.access.intercept.AuthorizationFilter@4e451f9a]
2023-11-01 14-02-11.112 [INFO] org.springframework.cloud.netflix.eureka.config.DiscoveryClientOptionalArgsConfiguration [main] Eureka HTTP Client uses RestTemplate.
2023-11-01 14-02-11.198 [WARN] org.springframework.cloud.loadbalancer.config.LoadBalancerCacheAutoConfiguration$LoadBalancerCaffeineWarnLogger [main] Spring Cloud LoadBalancer is currently working with the default cache. While this cache implementation is useful for development and tests, it's recommended to use Caffeine cache in production.You can switch to using Caffeine cache, by adding it and org.springframework.cache.caffeine.CaffeineCacheManager to the classpath.
2023-11-01 14-02-11.219 [INFO] org.springframework.cloud.netflix.eureka.InstanceInfoFactory [main] Setting initial instance status as: STARTING
2023-11-01 14-02-11.298 [INFO] com.netflix.discovery.DiscoveryClient [main] Initializing Eureka in region us-east-1
2023-11-01 14-02-11.303 [INFO] com.netflix.discovery.shared.resolver.aws.ConfigClusterResolver [main] Resolving eureka endpoints via configuration
2023-11-01 14-02-11.332 [INFO] com.netflix.discovery.DiscoveryClient [main] Disable delta property : false
2023-11-01 14-02-11.333 [INFO] com.netflix.discovery.DiscoveryClient [main] Single vip registry refresh property : null
2023-11-01 14-02-11.333 [INFO] com.netflix.discovery.DiscoveryClient [main] Force full registry fetch : false
2023-11-01 14-02-11.333 [INFO] com.netflix.discovery.DiscoveryClient [main] Application is null : false
2023-11-01 14-02-11.334 [INFO] com.netflix.discovery.DiscoveryClient [main] Registered Applications size is zero : true
2023-11-01 14-02-11.334 [INFO] com.netflix.discovery.DiscoveryClient [main] Application version is -1: true
2023-11-01 14-02-11.334 [INFO] com.netflix.discovery.DiscoveryClient [main] Getting all instance registry info from the eureka server
2023-11-01 14-02-11.703 [INFO] com.netflix.discovery.DiscoveryClient [main] The response status is 200
2023-11-01 14-02-11.706 [INFO] com.netflix.discovery.DiscoveryClient [main] Starting heartbeat executor: renew interval is: 30
2023-11-01 14-02-11.709 [INFO] com.netflix.discovery.InstanceInfoReplicator [main] InstanceInfoReplicator onDemand update allowed rate per min is 4
2023-11-01 14-02-11.713 [INFO] com.netflix.discovery.DiscoveryClient [main] Discovery Client initialized at timestamp 1698827531713 with initial instances count: 5
2023-11-01 14-02-11.719 [INFO] org.springframework.cloud.netflix.eureka.serviceregistry.EurekaServiceRegistry [main] Registering application LEAVES-SERVICE with eureka with status UP
2023-11-01 14-02-11.720 [INFO] com.netflix.discovery.DiscoveryClient [main] Saw local status change event StatusChangeEvent [timestamp=1698827531720, current=UP, previous=STARTING]
2023-11-01 14-02-11.722 [INFO] com.netflix.discovery.DiscoveryClient [DiscoveryClient-InstanceInfoReplicator-0] DiscoveryClient_LEAVES-SERVICE/192.168.2.58:leaves-service:8085: registering service...
2023-11-01 14-02-11.751 [INFO] org.springframework.boot.web.embedded.tomcat.TomcatWebServer [main] Tomcat started on port(s): 8085 (http) with context path ''
2023-11-01 14-02-11.754 [INFO] org.springframework.cloud.netflix.eureka.serviceregistry.EurekaAutoServiceRegistration [main] Updating port to 8085
2023-11-01 14-02-11.761 [INFO] com.netflix.discovery.DiscoveryClient [DiscoveryClient-InstanceInfoReplicator-0] DiscoveryClient_LEAVES-SERVICE/192.168.2.58:leaves-service:8085 - registration status: 204
2023-11-01 14-02-11.795 [INFO] com.example.leaves.LeavesApplication [main] Started LeavesApplication in 6.653 seconds (process running for 7.135)
2023-11-01 14-02-18.061 [INFO] org.apache.catalina.core.ContainerBase.[Tomcat].[localhost].[/] [http-nio-8085-exec-1] Initializing Spring DispatcherServlet 'dispatcherServlet'
2023-11-01 14-02-18.061 [INFO] org.springframework.web.servlet.DispatcherServlet [http-nio-8085-exec-1] Initializing Servlet 'dispatcherServlet'
2023-11-01 14-02-18.063 [INFO] org.springframework.web.servlet.DispatcherServlet [http-nio-8085-exec-1] Completed initialization in 1 ms
2023-11-01 14-02-18.076 [INFO] com.example.leaves.Security.JwtAuthenticationFilter [http-nio-8085-exec-1] Token is Valid 
2023-11-01 14-02-18.328 [ERROR] com.example.leaves.Controllers.LeavesController [http-nio-8085-exec-1] your from date or to date is already having leave.
2023-11-01 14-02-30.537 [INFO] com.example.leaves.Security.JwtAuthenticationFilter [http-nio-8085-exec-2] Token is Valid 
2023-11-01 14-02-31.421 [INFO] com.example.leaves.Controllers.LeavesController [http-nio-8085-exec-2] leave applied by EMP20233 to the person EMP20233
2023-11-01 14-07-12.000 [INFO] com.netflix.discovery.shared.resolver.aws.ConfigClusterResolver [AsyncResolver-bootstrap-executor-0] Resolving eureka endpoints via configuration
2023-11-01 14-12-12.530 [INFO] com.netflix.discovery.shared.resolver.aws.ConfigClusterResolver [AsyncResolver-bootstrap-executor-0] Resolving eureka endpoints via configuration
2023-11-01 14-17-13.320 [INFO] com.netflix.discovery.shared.resolver.aws.ConfigClusterResolver [AsyncResolver-bootstrap-executor-0] Resolving eureka endpoints via configuration
2023-11-01 14-22-14.119 [INFO] com.netflix.discovery.shared.resolver.aws.ConfigClusterResolver [AsyncResolver-bootstrap-executor-0] Resolving eureka endpoints via configuration
2023-11-01 14-27-14.614 [INFO] com.netflix.discovery.shared.resolver.aws.ConfigClusterResolver [AsyncResolver-bootstrap-executor-0] Resolving eureka endpoints via configuration
2023-11-01 14-32-15.304 [INFO] com.netflix.discovery.shared.resolver.aws.ConfigClusterResolver [AsyncResolver-bootstrap-executor-0] Resolving eureka endpoints via configuration
2023-11-01 14-37-16.105 [INFO] com.netflix.discovery.shared.resolver.aws.ConfigClusterResolver [AsyncResolver-bootstrap-executor-0] Resolving eureka endpoints via configuration
2023-11-01 14-42-16.899 [INFO] com.netflix.discovery.shared.resolver.aws.ConfigClusterResolver [AsyncResolver-bootstrap-executor-0] Resolving eureka endpoints via configuration
2023-11-01 14-47-17.306 [INFO] com.netflix.discovery.shared.resolver.aws.ConfigClusterResolver [AsyncResolver-bootstrap-executor-0] Resolving eureka endpoints via configuration
2023-11-01 14-52-18.097 [INFO] com.netflix.discovery.shared.resolver.aws.ConfigClusterResolver [AsyncResolver-bootstrap-executor-0] Resolving eureka endpoints via configuration
2023-11-01 14-57-18.899 [INFO] com.netflix.discovery.shared.resolver.aws.ConfigClusterResolver [AsyncResolver-bootstrap-executor-0] Resolving eureka endpoints via configuration
2023-11-01 15-02-20.253 [INFO] com.netflix.discovery.shared.resolver.aws.ConfigClusterResolver [AsyncResolver-bootstrap-executor-0] Resolving eureka endpoints via configuration
2023-11-01 15-07-20.107 [INFO] com.netflix.discovery.shared.resolver.aws.ConfigClusterResolver [AsyncResolver-bootstrap-executor-0] Resolving eureka endpoints via configuration
2023-11-01 15-12-20.908 [INFO] com.netflix.discovery.shared.resolver.aws.ConfigClusterResolver [AsyncResolver-bootstrap-executor-0] Resolving eureka endpoints via configuration
2023-11-01 15-17-21.018 [INFO] com.netflix.discovery.shared.resolver.aws.ConfigClusterResolver [AsyncResolver-bootstrap-executor-0] Resolving eureka endpoints via configuration
2023-11-01 15-22-22.100 [INFO] com.netflix.discovery.shared.resolver.aws.ConfigClusterResolver [AsyncResolver-bootstrap-executor-0] Resolving eureka endpoints via configuration
2023-11-01 15-27-22.896 [INFO] com.netflix.discovery.shared.resolver.aws.ConfigClusterResolver [AsyncResolver-bootstrap-executor-0] Resolving eureka endpoints via configuration
2023-11-01 15-32-23.699 [INFO] com.netflix.discovery.shared.resolver.aws.ConfigClusterResolver [AsyncResolver-bootstrap-executor-0] Resolving eureka endpoints via configuration
2023-11-01 15-37-24.519 [INFO] com.netflix.discovery.shared.resolver.aws.ConfigClusterResolver [AsyncResolver-bootstrap-executor-0] Resolving eureka endpoints via configuration
2023-11-01 15-38-23.848 [INFO] org.springframework.cloud.netflix.eureka.serviceregistry.EurekaServiceRegistry [SpringApplicationShutdownHook] Unregistering application LEAVES-SERVICE with eureka with status DOWN
2023-11-01 15-38-23.848 [INFO] com.netflix.discovery.DiscoveryClient [SpringApplicationShutdownHook] Saw local status change event StatusChangeEvent [timestamp=1698833303848, current=DOWN, previous=UP]
2023-11-01 15-38-23.873 [INFO] com.netflix.discovery.DiscoveryClient [DiscoveryClient-InstanceInfoReplicator-0] DiscoveryClient_LEAVES-SERVICE/192.168.2.58:leaves-service:8085: registering service...
2023-11-01 15-38-23.969 [INFO] com.netflix.discovery.DiscoveryClient [DiscoveryClient-InstanceInfoReplicator-0] DiscoveryClient_LEAVES-SERVICE/192.168.2.58:leaves-service:8085 - registration status: 204
2023-11-01 15-38-24.265 [INFO] org.springframework.orm.jpa.LocalContainerEntityManagerFactoryBean [SpringApplicationShutdownHook] Closing JPA EntityManagerFactory for persistence unit 'default'
2023-11-01 15-38-24.303 [INFO] com.zaxxer.hikari.HikariDataSource [SpringApplicationShutdownHook] HikariPool-1 - Shutdown initiated...
2023-11-01 15-38-24.310 [INFO] com.zaxxer.hikari.HikariDataSource [SpringApplicationShutdownHook] HikariPool-1 - Shutdown completed.
2023-11-01 15-38-24.312 [INFO] com.netflix.discovery.DiscoveryClient [SpringApplicationShutdownHook] Shutting down DiscoveryClient ...
2023-11-01 15-38-27.332 [INFO] com.netflix.discovery.DiscoveryClient [SpringApplicationShutdownHook] Unregistering ...
2023-11-01 15-38-27.369 [INFO] com.netflix.discovery.DiscoveryClient [SpringApplicationShutdownHook] DiscoveryClient_LEAVES-SERVICE/192.168.2.58:leaves-service:8085 - deregister  status: 200
2023-11-01 15-38-27.554 [INFO] com.netflix.discovery.DiscoveryClient [SpringApplicationShutdownHook] Completed shut down of DiscoveryClient
2023-11-01 15-38-39.076 [INFO] com.example.leaves.LeavesApplication [main] Starting LeavesApplication using Java 17.0.8 with PID 8504 (C:\Users\Sreenivas Bandaru\Desktop\spring boot\leaves\target\classes started by Sreenivas Bandaru in C:\Users\Sreenivas Bandaru\Desktop\spring boot\leaves)
2023-11-01 15-38-39.079 [DEBUG] com.example.leaves.LeavesApplication [main] Running with Spring Boot v3.1.4, Spring v6.0.12
2023-11-01 15-38-39.082 [INFO] com.example.leaves.LeavesApplication [main] No active profile set, falling back to 1 default profile: "default"
2023-11-01 15-38-40.284 [INFO] org.springframework.data.repository.config.RepositoryConfigurationDelegate [main] Bootstrapping Spring Data JPA repositories in DEFAULT mode.
2023-11-01 15-38-40.602 [INFO] org.springframework.data.repository.config.RepositoryConfigurationDelegate [main] Finished Spring Data repository scanning in 301 ms. Found 4 JPA repository interfaces.
2023-11-01 15-38-40.905 [INFO] org.springframework.cloud.context.scope.GenericScope [main] BeanFactory id=1d49a712-991e-3370-b7f1-e1e9208473f5
2023-11-01 15-38-41.707 [INFO] org.springframework.boot.web.embedded.tomcat.TomcatWebServer [main] Tomcat initialized with port(s): 8085 (http)
2023-11-01 15-38-41.720 [INFO] org.apache.catalina.core.StandardService [main] Starting service [Tomcat]
2023-11-01 15-38-41.721 [INFO] org.apache.catalina.core.StandardEngine [main] Starting Servlet engine: [Apache Tomcat/10.1.13]
2023-11-01 15-38-41.846 [INFO] org.apache.catalina.core.ContainerBase.[Tomcat].[localhost].[/] [main] Initializing Spring embedded WebApplicationContext
2023-11-01 15-38-41.846 [INFO] org.springframework.boot.web.servlet.context.ServletWebServerApplicationContext [main] Root WebApplicationContext: initialization completed in 2641 ms
2023-11-01 15-38-41.900 [DEBUG] com.example.leaves.Security.JwtAuthenticationFilter [main] Filter 'jwtAuthenticationFilter' configured for use
2023-11-01 15-38-42.075 [INFO] org.hibernate.jpa.internal.util.LogHelper [main] HHH000204: Processing PersistenceUnitInfo [name: default]
2023-11-01 15-38-42.176 [INFO] org.hibernate.Version [main] HHH000412: Hibernate ORM core version 6.2.9.Final
2023-11-01 15-38-42.179 [INFO] org.hibernate.cfg.Environment [main] HHH000406: Using bytecode reflection optimizer
2023-11-01 15-38-42.395 [INFO] org.hibernate.bytecode.internal.BytecodeProviderInitiator [main] HHH000021: Bytecode provider name : bytebuddy
2023-11-01 15-38-42.753 [INFO] org.springframework.orm.jpa.persistenceunit.SpringPersistenceUnitInfo [main] No LoadTimeWeaver setup: ignoring JPA class transformer
2023-11-01 15-38-42.774 [INFO] com.zaxxer.hikari.HikariDataSource [main] HikariPool-1 - Starting...
2023-11-01 15-38-43.276 [INFO] com.zaxxer.hikari.pool.HikariPool [main] HikariPool-1 - Added connection com.mysql.cj.jdbc.ConnectionImpl@7d1cdeb1
2023-11-01 15-38-43.278 [INFO] com.zaxxer.hikari.HikariDataSource [main] HikariPool-1 - Start completed.
2023-11-01 15-38-43.874 [INFO] org.hibernate.bytecode.internal.BytecodeProviderInitiator [main] HHH000021: Bytecode provider name : bytebuddy
2023-11-01 15-38-44.649 [INFO] org.hibernate.engine.transaction.jta.platform.internal.JtaPlatformInitiator [main] HHH000490: Using JtaPlatform implementation: [org.hibernate.engine.transaction.jta.platform.internal.NoJtaPlatform]
2023-11-01 15-38-44.750 [INFO] org.springframework.orm.jpa.LocalContainerEntityManagerFactoryBean [main] Initialized JPA EntityManagerFactory for persistence unit 'default'
2023-11-01 15-38-45.266 [INFO] org.springframework.data.jpa.repository.query.QueryEnhancerFactory [main] Hibernate is in classpath; If applicable, HQL parser will be used.
2023-11-01 15-38-45.401 [WARN] org.springframework.boot.autoconfigure.orm.jpa.JpaBaseConfiguration$JpaWebConfiguration [main] spring.jpa.open-in-view is enabled by default. Therefore, database queries may be performed during view rendering. Explicitly configure spring.jpa.open-in-view to disable this warning
2023-11-01 15-38-45.471 [WARN] org.springframework.boot.autoconfigure.security.servlet.UserDetailsServiceAutoConfiguration [main] 

Using generated security password: dc65e874-8631-43f9-98e2-24247941c4ba

This generated password is for development use only. Your security configuration must be updated before running your application in production.

2023-11-01 15-38-45.848 [INFO] org.springframework.security.web.DefaultSecurityFilterChain [main] Will secure any request with [org.springframework.security.web.session.DisableEncodeUrlFilter@3f0c2eff, org.springframework.security.web.context.request.async.WebAsyncManagerIntegrationFilter@7cddc50f, org.springframework.security.web.context.SecurityContextHolderFilter@73bd146c, org.springframework.security.web.header.HeaderWriterFilter@5a1a5521, org.springframework.security.web.authentication.logout.LogoutFilter@2f59cb6f, com.example.leaves.Security.JwtAuthenticationFilter@6401188a, org.springframework.security.web.savedrequest.RequestCacheAwareFilter@3437fc4f, org.springframework.security.web.servletapi.SecurityContextHolderAwareRequestFilter@5924ea91, org.springframework.security.web.authentication.AnonymousAuthenticationFilter@1e60890c, org.springframework.security.web.session.SessionManagementFilter@307ba188, org.springframework.security.web.access.ExceptionTranslationFilter@760ac834, org.springframework.security.web.access.intercept.AuthorizationFilter@6ba516ff]
2023-11-01 15-38-46.128 [INFO] org.springframework.cloud.netflix.eureka.config.DiscoveryClientOptionalArgsConfiguration [main] Eureka HTTP Client uses RestTemplate.
2023-11-01 15-38-46.236 [WARN] org.springframework.cloud.loadbalancer.config.LoadBalancerCacheAutoConfiguration$LoadBalancerCaffeineWarnLogger [main] Spring Cloud LoadBalancer is currently working with the default cache. While this cache implementation is useful for development and tests, it's recommended to use Caffeine cache in production.You can switch to using Caffeine cache, by adding it and org.springframework.cache.caffeine.CaffeineCacheManager to the classpath.
2023-11-01 15-38-46.255 [INFO] org.springframework.cloud.netflix.eureka.InstanceInfoFactory [main] Setting initial instance status as: STARTING
2023-11-01 15-38-46.396 [INFO] com.netflix.discovery.DiscoveryClient [main] Initializing Eureka in region us-east-1
2023-11-01 15-38-46.401 [INFO] com.netflix.discovery.shared.resolver.aws.ConfigClusterResolver [main] Resolving eureka endpoints via configuration
2023-11-01 15-38-46.425 [INFO] com.netflix.discovery.DiscoveryClient [main] Disable delta property : false
2023-11-01 15-38-46.425 [INFO] com.netflix.discovery.DiscoveryClient [main] Single vip registry refresh property : null
2023-11-01 15-38-46.425 [INFO] com.netflix.discovery.DiscoveryClient [main] Force full registry fetch : false
2023-11-01 15-38-46.425 [INFO] com.netflix.discovery.DiscoveryClient [main] Application is null : false
2023-11-01 15-38-46.426 [INFO] com.netflix.discovery.DiscoveryClient [main] Registered Applications size is zero : true
2023-11-01 15-38-46.426 [INFO] com.netflix.discovery.DiscoveryClient [main] Application version is -1: true
2023-11-01 15-38-46.426 [INFO] com.netflix.discovery.DiscoveryClient [main] Getting all instance registry info from the eureka server
2023-11-01 15-38-46.808 [INFO] com.netflix.discovery.DiscoveryClient [main] The response status is 200
2023-11-01 15-38-46.811 [INFO] com.netflix.discovery.DiscoveryClient [main] Starting heartbeat executor: renew interval is: 30
2023-11-01 15-38-46.813 [INFO] com.netflix.discovery.InstanceInfoReplicator [main] InstanceInfoReplicator onDemand update allowed rate per min is 4
2023-11-01 15-38-46.834 [INFO] com.netflix.discovery.DiscoveryClient [main] Discovery Client initialized at timestamp 1698833326817 with initial instances count: 5
2023-11-01 15-38-46.838 [INFO] org.springframework.cloud.netflix.eureka.serviceregistry.EurekaServiceRegistry [main] Registering application LEAVES-SERVICE with eureka with status UP
2023-11-01 15-38-46.840 [INFO] com.netflix.discovery.DiscoveryClient [main] Saw local status change event StatusChangeEvent [timestamp=1698833326840, current=UP, previous=STARTING]
2023-11-01 15-38-46.842 [INFO] com.netflix.discovery.DiscoveryClient [DiscoveryClient-InstanceInfoReplicator-0] DiscoveryClient_LEAVES-SERVICE/192.168.2.58:leaves-service:8085: registering service...
2023-11-01 15-38-46.883 [INFO] org.springframework.boot.web.embedded.tomcat.TomcatWebServer [main] Tomcat started on port(s): 8085 (http) with context path ''
2023-11-01 15-38-46.884 [INFO] org.springframework.cloud.netflix.eureka.serviceregistry.EurekaAutoServiceRegistration [main] Updating port to 8085
2023-11-01 15-38-46.887 [INFO] com.netflix.discovery.DiscoveryClient [DiscoveryClient-InstanceInfoReplicator-0] DiscoveryClient_LEAVES-SERVICE/192.168.2.58:leaves-service:8085 - registration status: 204
2023-11-01 15-38-46.917 [INFO] com.example.leaves.LeavesApplication [main] Started LeavesApplication in 8.883 seconds (process running for 10.57)
2023-11-01 15-43-46.519 [INFO] com.netflix.discovery.shared.resolver.aws.ConfigClusterResolver [AsyncResolver-bootstrap-executor-0] Resolving eureka endpoints via configuration
2023-11-01 15-48-47.625 [INFO] com.netflix.discovery.shared.resolver.aws.ConfigClusterResolver [AsyncResolver-bootstrap-executor-0] Resolving eureka endpoints via configuration
2023-11-01 15-49-03.081 [INFO] org.apache.catalina.core.ContainerBase.[Tomcat].[localhost].[/] [http-nio-8085-exec-2] Initializing Spring DispatcherServlet 'dispatcherServlet'
2023-11-01 15-49-03.081 [INFO] org.springframework.web.servlet.DispatcherServlet [http-nio-8085-exec-2] Initializing Servlet 'dispatcherServlet'
2023-11-01 15-49-03.083 [INFO] org.springframework.web.servlet.DispatcherServlet [http-nio-8085-exec-2] Completed initialization in 2 ms
2023-11-01 15-49-03.096 [INFO] com.example.leaves.Security.JwtAuthenticationFilter [http-nio-8085-exec-2] Token is Valid 
2023-11-01 15-49-08.950 [INFO] com.example.leaves.Controllers.LeavesController [http-nio-8085-exec-2] leave applied by EMP20239 to the person EMP20239
2023-11-01 15-53-48.419 [INFO] com.netflix.discovery.shared.resolver.aws.ConfigClusterResolver [AsyncResolver-bootstrap-executor-0] Resolving eureka endpoints via configuration
2023-11-01 15-58-49.213 [INFO] com.netflix.discovery.shared.resolver.aws.ConfigClusterResolver [AsyncResolver-bootstrap-executor-0] Resolving eureka endpoints via configuration
2023-11-01 16-03-50.093 [INFO] com.netflix.discovery.shared.resolver.aws.ConfigClusterResolver [AsyncResolver-bootstrap-executor-0] Resolving eureka endpoints via configuration
2023-11-01 16-08-50.401 [INFO] com.netflix.discovery.shared.resolver.aws.ConfigClusterResolver [AsyncResolver-bootstrap-executor-0] Resolving eureka endpoints via configuration
2023-11-01 16-13-51.206 [INFO] com.netflix.discovery.shared.resolver.aws.ConfigClusterResolver [AsyncResolver-bootstrap-executor-0] Resolving eureka endpoints via configuration
2023-11-01 16-18-51.338 [INFO] com.netflix.discovery.shared.resolver.aws.ConfigClusterResolver [AsyncResolver-bootstrap-executor-0] Resolving eureka endpoints via configuration
2023-11-01 16-23-52.404 [INFO] com.netflix.discovery.shared.resolver.aws.ConfigClusterResolver [AsyncResolver-bootstrap-executor-0] Resolving eureka endpoints via configuration
2023-11-01 16-28-00.703 [INFO] com.example.leaves.Security.JwtAuthenticationFilter [http-nio-8085-exec-3] Token is Valid 
2023-11-01 16-28-00.766 [INFO] com.example.leaves.Controllers.LeavesController [http-nio-8085-exec-3] leaves of employee sending -----------> 
2023-11-01 16-28-00.843 [INFO] com.example.leaves.Security.JwtAuthenticationFilter [http-nio-8085-exec-5] Token is Valid 
2023-11-01 16-28-39.857 [INFO] com.example.leaves.Security.JwtAuthenticationFilter [http-nio-8085-exec-6] Token is Valid 
2023-11-01 16-28-39.864 [INFO] com.example.leaves.Controllers.LeavesController [http-nio-8085-exec-6] leaves of employee sending -----------> 
2023-11-01 16-28-53.193 [INFO] com.netflix.discovery.shared.resolver.aws.ConfigClusterResolver [AsyncResolver-bootstrap-executor-0] Resolving eureka endpoints via configuration
2023-11-01 16-33-53.991 [INFO] com.netflix.discovery.shared.resolver.aws.ConfigClusterResolver [AsyncResolver-bootstrap-executor-0] Resolving eureka endpoints via configuration
2023-11-01 16-38-54.707 [INFO] com.netflix.discovery.shared.resolver.aws.ConfigClusterResolver [AsyncResolver-bootstrap-executor-0] Resolving eureka endpoints via configuration
2023-11-01 16-39-19.723 [INFO] org.springframework.cloud.netflix.eureka.serviceregistry.EurekaServiceRegistry [SpringApplicationShutdownHook] Unregistering application LEAVES-SERVICE with eureka with status DOWN
2023-11-01 16-39-19.724 [INFO] com.netflix.discovery.DiscoveryClient [SpringApplicationShutdownHook] Saw local status change event StatusChangeEvent [timestamp=1698836959724, current=DOWN, previous=UP]
2023-11-01 16-39-19.724 [INFO] com.netflix.discovery.DiscoveryClient [DiscoveryClient-InstanceInfoReplicator-0] DiscoveryClient_LEAVES-SERVICE/192.168.2.58:leaves-service:8085: registering service...
2023-11-01 16-39-19.730 [INFO] com.netflix.discovery.DiscoveryClient [DiscoveryClient-InstanceInfoReplicator-0] DiscoveryClient_LEAVES-SERVICE/192.168.2.58:leaves-service:8085 - registration status: 204
2023-11-01 16-39-19.751 [INFO] org.springframework.orm.jpa.LocalContainerEntityManagerFactoryBean [SpringApplicationShutdownHook] Closing JPA EntityManagerFactory for persistence unit 'default'
2023-11-01 16-39-19.756 [INFO] com.zaxxer.hikari.HikariDataSource [SpringApplicationShutdownHook] HikariPool-1 - Shutdown initiated...
2023-11-01 16-39-19.763 [INFO] com.zaxxer.hikari.HikariDataSource [SpringApplicationShutdownHook] HikariPool-1 - Shutdown completed.
2023-11-01 16-39-19.764 [INFO] com.netflix.discovery.DiscoveryClient [SpringApplicationShutdownHook] Shutting down DiscoveryClient ...
2023-11-01 16-39-22.582 [INFO] com.netflix.discovery.DiscoveryClient [SpringApplicationShutdownHook] Unregistering ...
2023-11-01 16-39-22.593 [INFO] com.netflix.discovery.DiscoveryClient [SpringApplicationShutdownHook] DiscoveryClient_LEAVES-SERVICE/192.168.2.58:leaves-service:8085 - deregister  status: 200
2023-11-01 16-39-22.595 [INFO] com.netflix.discovery.DiscoveryClient [SpringApplicationShutdownHook] Completed shut down of DiscoveryClient
2023-11-01 16-39-37.103 [INFO] com.example.leaves.LeavesApplication [main] Starting LeavesApplication using Java 17.0.8 with PID 14852 (C:\Users\Sreenivas Bandaru\Desktop\spring boot\leaves\target\classes started by Sreenivas Bandaru in C:\Users\Sreenivas Bandaru\Desktop\spring boot\leaves)
2023-11-01 16-39-37.106 [DEBUG] com.example.leaves.LeavesApplication [main] Running with Spring Boot v3.1.4, Spring v6.0.12
2023-11-01 16-39-37.107 [INFO] com.example.leaves.LeavesApplication [main] No active profile set, falling back to 1 default profile: "default"
2023-11-01 16-39-38.057 [INFO] org.springframework.data.repository.config.RepositoryConfigurationDelegate [main] Bootstrapping Spring Data JPA repositories in DEFAULT mode.
2023-11-01 16-39-38.274 [INFO] org.springframework.data.repository.config.RepositoryConfigurationDelegate [main] Finished Spring Data repository scanning in 185 ms. Found 4 JPA repository interfaces.
2023-11-01 16-39-38.588 [INFO] org.springframework.cloud.context.scope.GenericScope [main] BeanFactory id=1d49a712-991e-3370-b7f1-e1e9208473f5
2023-11-01 16-39-39.124 [INFO] org.springframework.boot.web.embedded.tomcat.TomcatWebServer [main] Tomcat initialized with port(s): 8085 (http)
2023-11-01 16-39-39.135 [INFO] org.apache.catalina.core.StandardService [main] Starting service [Tomcat]
2023-11-01 16-39-39.136 [INFO] org.apache.catalina.core.StandardEngine [main] Starting Servlet engine: [Apache Tomcat/10.1.13]
2023-11-01 16-39-39.270 [INFO] org.apache.catalina.core.ContainerBase.[Tomcat].[localhost].[/] [main] Initializing Spring embedded WebApplicationContext
2023-11-01 16-39-39.270 [INFO] org.springframework.boot.web.servlet.context.ServletWebServerApplicationContext [main] Root WebApplicationContext: initialization completed in 2066 ms
2023-11-01 16-39-39.357 [DEBUG] com.example.leaves.Security.JwtAuthenticationFilter [main] Filter 'jwtAuthenticationFilter' configured for use
2023-11-01 16-39-39.485 [INFO] org.hibernate.jpa.internal.util.LogHelper [main] HHH000204: Processing PersistenceUnitInfo [name: default]
2023-11-01 16-39-39.545 [INFO] org.hibernate.Version [main] HHH000412: Hibernate ORM core version 6.2.9.Final
2023-11-01 16-39-39.548 [INFO] org.hibernate.cfg.Environment [main] HHH000406: Using bytecode reflection optimizer
2023-11-01 16-39-39.729 [INFO] org.hibernate.bytecode.internal.BytecodeProviderInitiator [main] HHH000021: Bytecode provider name : bytebuddy
2023-11-01 16-39-39.888 [INFO] org.springframework.orm.jpa.persistenceunit.SpringPersistenceUnitInfo [main] No LoadTimeWeaver setup: ignoring JPA class transformer
2023-11-01 16-39-39.905 [INFO] com.zaxxer.hikari.HikariDataSource [main] HikariPool-1 - Starting...
2023-11-01 16-39-40.232 [INFO] com.zaxxer.hikari.pool.HikariPool [main] HikariPool-1 - Added connection com.mysql.cj.jdbc.ConnectionImpl@5c41b8d8
2023-11-01 16-39-40.235 [INFO] com.zaxxer.hikari.HikariDataSource [main] HikariPool-1 - Start completed.
2023-11-01 16-39-40.592 [INFO] org.hibernate.bytecode.internal.BytecodeProviderInitiator [main] HHH000021: Bytecode provider name : bytebuddy
2023-11-01 16-39-41.328 [INFO] org.hibernate.engine.transaction.jta.platform.internal.JtaPlatformInitiator [main] HHH000490: Using JtaPlatform implementation: [org.hibernate.engine.transaction.jta.platform.internal.NoJtaPlatform]
2023-11-01 16-39-41.382 [INFO] org.springframework.orm.jpa.LocalContainerEntityManagerFactoryBean [main] Initialized JPA EntityManagerFactory for persistence unit 'default'
2023-11-01 16-39-41.888 [INFO] org.springframework.data.jpa.repository.query.QueryEnhancerFactory [main] Hibernate is in classpath; If applicable, HQL parser will be used.
2023-11-01 16-39-42.065 [WARN] org.springframework.boot.autoconfigure.orm.jpa.JpaBaseConfiguration$JpaWebConfiguration [main] spring.jpa.open-in-view is enabled by default. Therefore, database queries may be performed during view rendering. Explicitly configure spring.jpa.open-in-view to disable this warning
2023-11-01 16-39-42.123 [WARN] org.springframework.boot.autoconfigure.security.servlet.UserDetailsServiceAutoConfiguration [main] 

Using generated security password: 5f0a58bc-c8f7-4a49-9e39-d16a77a4fcbc

This generated password is for development use only. Your security configuration must be updated before running your application in production.

2023-11-01 16-39-42.447 [INFO] org.springframework.security.web.DefaultSecurityFilterChain [main] Will secure any request with [org.springframework.security.web.session.DisableEncodeUrlFilter@292b7a02, org.springframework.security.web.context.request.async.WebAsyncManagerIntegrationFilter@3e242137, org.springframework.security.web.context.SecurityContextHolderFilter@403b7be3, org.springframework.security.web.header.HeaderWriterFilter@5d3f583d, org.springframework.security.web.authentication.logout.LogoutFilter@3bbb3c84, com.example.leaves.Security.JwtAuthenticationFilter@521441d5, org.springframework.security.web.savedrequest.RequestCacheAwareFilter@39e91bda, org.springframework.security.web.servletapi.SecurityContextHolderAwareRequestFilter@374013e8, org.springframework.security.web.authentication.AnonymousAuthenticationFilter@25dacc5a, org.springframework.security.web.session.SessionManagementFilter@7bc239db, org.springframework.security.web.access.ExceptionTranslationFilter@adbc3bc, org.springframework.security.web.access.intercept.AuthorizationFilter@40aaf656]
2023-11-01 16-39-42.765 [INFO] org.springframework.cloud.netflix.eureka.config.DiscoveryClientOptionalArgsConfiguration [main] Eureka HTTP Client uses RestTemplate.
2023-11-01 16-39-42.860 [WARN] org.springframework.cloud.loadbalancer.config.LoadBalancerCacheAutoConfiguration$LoadBalancerCaffeineWarnLogger [main] Spring Cloud LoadBalancer is currently working with the default cache. While this cache implementation is useful for development and tests, it's recommended to use Caffeine cache in production.You can switch to using Caffeine cache, by adding it and org.springframework.cache.caffeine.CaffeineCacheManager to the classpath.
2023-11-01 16-39-42.885 [INFO] org.springframework.cloud.netflix.eureka.InstanceInfoFactory [main] Setting initial instance status as: STARTING
2023-11-01 16-39-42.974 [INFO] com.netflix.discovery.DiscoveryClient [main] Initializing Eureka in region us-east-1
2023-11-01 16-39-42.981 [INFO] com.netflix.discovery.shared.resolver.aws.ConfigClusterResolver [main] Resolving eureka endpoints via configuration
2023-11-01 16-39-43.022 [INFO] com.netflix.discovery.DiscoveryClient [main] Disable delta property : false
2023-11-01 16-39-43.022 [INFO] com.netflix.discovery.DiscoveryClient [main] Single vip registry refresh property : null
2023-11-01 16-39-43.022 [INFO] com.netflix.discovery.DiscoveryClient [main] Force full registry fetch : false
2023-11-01 16-39-43.022 [INFO] com.netflix.discovery.DiscoveryClient [main] Application is null : false
2023-11-01 16-39-43.022 [INFO] com.netflix.discovery.DiscoveryClient [main] Registered Applications size is zero : true
2023-11-01 16-39-43.022 [INFO] com.netflix.discovery.DiscoveryClient [main] Application version is -1: true
2023-11-01 16-39-43.022 [INFO] com.netflix.discovery.DiscoveryClient [main] Getting all instance registry info from the eureka server
2023-11-01 16-39-43.368 [INFO] com.netflix.discovery.DiscoveryClient [main] The response status is 200
2023-11-01 16-39-43.370 [INFO] com.netflix.discovery.DiscoveryClient [main] Starting heartbeat executor: renew interval is: 30
2023-11-01 16-39-43.373 [INFO] com.netflix.discovery.InstanceInfoReplicator [main] InstanceInfoReplicator onDemand update allowed rate per min is 4
2023-11-01 16-39-43.378 [INFO] com.netflix.discovery.DiscoveryClient [main] Discovery Client initialized at timestamp 1698836983377 with initial instances count: 5
2023-11-01 16-39-43.384 [INFO] org.springframework.cloud.netflix.eureka.serviceregistry.EurekaServiceRegistry [main] Registering application LEAVES-SERVICE with eureka with status UP
2023-11-01 16-39-43.385 [INFO] com.netflix.discovery.DiscoveryClient [main] Saw local status change event StatusChangeEvent [timestamp=1698836983385, current=UP, previous=STARTING]
2023-11-01 16-39-43.387 [INFO] com.netflix.discovery.DiscoveryClient [DiscoveryClient-InstanceInfoReplicator-0] DiscoveryClient_LEAVES-SERVICE/192.168.2.58:leaves-service:8085: registering service...
2023-11-01 16-39-43.414 [INFO] org.springframework.boot.web.embedded.tomcat.TomcatWebServer [main] Tomcat started on port(s): 8085 (http) with context path ''
2023-11-01 16-39-43.415 [INFO] org.springframework.cloud.netflix.eureka.serviceregistry.EurekaAutoServiceRegistration [main] Updating port to 8085
2023-11-01 16-39-43.428 [INFO] com.netflix.discovery.DiscoveryClient [DiscoveryClient-InstanceInfoReplicator-0] DiscoveryClient_LEAVES-SERVICE/192.168.2.58:leaves-service:8085 - registration status: 204
2023-11-01 16-39-43.467 [INFO] com.example.leaves.LeavesApplication [main] Started LeavesApplication in 6.646 seconds (process running for 7.126)
2023-11-01 16-40-45.804 [INFO] org.apache.catalina.core.ContainerBase.[Tomcat].[localhost].[/] [http-nio-8085-exec-1] Initializing Spring DispatcherServlet 'dispatcherServlet'
2023-11-01 16-40-45.805 [INFO] org.springframework.web.servlet.DispatcherServlet [http-nio-8085-exec-1] Initializing Servlet 'dispatcherServlet'
2023-11-01 16-40-45.807 [INFO] org.springframework.web.servlet.DispatcherServlet [http-nio-8085-exec-1] Completed initialization in 1 ms
2023-11-01 16-40-45.821 [INFO] com.example.leaves.Security.JwtAuthenticationFilter [http-nio-8085-exec-1] Token is Valid 
2023-11-01 16-40-51.240 [INFO] com.example.leaves.Controllers.LeavesController [http-nio-8085-exec-1] leave applied by EMP20239 to the person EMP20239
2023-11-01 16-41-05.029 [INFO] com.example.leaves.Security.JwtAuthenticationFilter [http-nio-8085-exec-3] Token is Valid 
2023-11-01 16-41-05.045 [ERROR] com.example.leaves.Controllers.LeavesController [http-nio-8085-exec-3] your from date or to date is already having leave.
2023-11-01 16-41-57.950 [INFO] com.example.leaves.Security.JwtAuthenticationFilter [http-nio-8085-exec-2] Token is Valid 
2023-11-01 16-41-57.981 [INFO] com.example.leaves.Controllers.LeavesController [http-nio-8085-exec-2] leaves of employee sending -----------> 
2023-11-01 16-41-58.003 [INFO] com.example.leaves.Security.JwtAuthenticationFilter [http-nio-8085-exec-4] Token is Valid 
2023-11-01 16-44-35.496 [INFO] com.example.leaves.Security.JwtAuthenticationFilter [http-nio-8085-exec-6] Token is Valid 
2023-11-01 16-44-39.845 [INFO] com.example.leaves.Controllers.LeavesController [http-nio-8085-exec-6] leave applied by EMP20239 to the person EMP20239
2023-11-01 16-44-43.541 [INFO] com.netflix.discovery.shared.resolver.aws.ConfigClusterResolver [AsyncResolver-bootstrap-executor-0] Resolving eureka endpoints via configuration
2023-11-01 16-45-05.399 [INFO] com.example.leaves.Security.JwtAuthenticationFilter [http-nio-8085-exec-7] Token is Valid 
2023-11-01 16-45-05.414 [INFO] com.example.leaves.Controllers.LeavesController [http-nio-8085-exec-7] leaves of employee sending -----------> 
2023-11-01 16-45-05.427 [INFO] com.example.leaves.Security.JwtAuthenticationFilter [http-nio-8085-exec-8] Token is Valid 
2023-11-01 16-47-39.983 [INFO] org.springframework.cloud.netflix.eureka.serviceregistry.EurekaServiceRegistry [SpringApplicationShutdownHook] Unregistering application LEAVES-SERVICE with eureka with status DOWN
2023-11-01 16-47-39.983 [INFO] com.netflix.discovery.DiscoveryClient [SpringApplicationShutdownHook] Saw local status change event StatusChangeEvent [timestamp=1698837459983, current=DOWN, previous=UP]
2023-11-01 16-47-39.984 [INFO] com.netflix.discovery.DiscoveryClient [DiscoveryClient-InstanceInfoReplicator-0] DiscoveryClient_LEAVES-SERVICE/192.168.2.58:leaves-service:8085: registering service...
2023-11-01 16-47-39.990 [INFO] com.netflix.discovery.DiscoveryClient [DiscoveryClient-InstanceInfoReplicator-0] DiscoveryClient_LEAVES-SERVICE/192.168.2.58:leaves-service:8085 - registration status: 204
2023-11-01 16-47-40.016 [INFO] org.springframework.orm.jpa.LocalContainerEntityManagerFactoryBean [SpringApplicationShutdownHook] Closing JPA EntityManagerFactory for persistence unit 'default'
2023-11-01 16-47-40.019 [INFO] com.zaxxer.hikari.HikariDataSource [SpringApplicationShutdownHook] HikariPool-1 - Shutdown initiated...
2023-11-01 16-47-40.032 [INFO] com.zaxxer.hikari.HikariDataSource [SpringApplicationShutdownHook] HikariPool-1 - Shutdown completed.
2023-11-01 16-47-40.036 [INFO] com.netflix.discovery.DiscoveryClient [SpringApplicationShutdownHook] Shutting down DiscoveryClient ...
2023-11-01 16-47-43.362 [INFO] com.netflix.discovery.DiscoveryClient [SpringApplicationShutdownHook] Unregistering ...
2023-11-01 16-47-43.371 [INFO] com.netflix.discovery.DiscoveryClient [SpringApplicationShutdownHook] DiscoveryClient_LEAVES-SERVICE/192.168.2.58:leaves-service:8085 - deregister  status: 200
2023-11-01 16-47-43.395 [INFO] com.netflix.discovery.DiscoveryClient [SpringApplicationShutdownHook] Completed shut down of DiscoveryClient
